TN:
SF:src\App.vue
FN:11,render
FNF:1
FNH:0
FNDA:0,render
DA:3,0
DA:6,0
DA:7,0
DA:8,0
DA:12,0
DA:13,0
DA:14,0
LF:7
LH:0
BRF:0
BRH:0
end_of_record
TN:
SF:src\api\index.js
FN:46,(anonymous_0)
FN:51,(anonymous_1)
FN:55,(anonymous_2)
FN:58,(anonymous_3)
FN:61,(anonymous_4)
FN:64,(anonymous_5)
FN:67,(anonymous_6)
FN:70,(anonymous_7)
FN:73,(anonymous_8)
FN:76,(anonymous_9)
FN:82,(anonymous_10)
FN:89,(anonymous_11)
FN:95,(anonymous_12)
FN:103,(anonymous_13)
FN:111,(anonymous_14)
FN:114,(anonymous_15)
FN:120,(anonymous_16)
FN:123,(anonymous_17)
FN:126,(anonymous_18)
FN:129,(anonymous_19)
FN:135,(anonymous_20)
FN:143,(anonymous_21)
FN:146,(anonymous_22)
FN:152,(anonymous_23)
FN:158,(anonymous_24)
FN:165,(anonymous_25)
FN:171,(anonymous_26)
FN:179,(anonymous_27)
FN:182,(anonymous_28)
FN:185,(anonymous_29)
FN:188,(anonymous_30)
FN:191,(anonymous_31)
FN:199,(anonymous_32)
FN:202,(anonymous_33)
FN:205,(anonymous_34)
FN:208,(anonymous_35)
FN:211,(anonymous_36)
FN:217,(anonymous_37)
FN:223,(anonymous_38)
FN:229,(anonymous_39)
FN:235,(anonymous_40)
FN:241,(anonymous_41)
FN:247,(anonymous_42)
FN:255,(anonymous_43)
FN:258,(anonymous_44)
FN:261,(anonymous_45)
FN:264,(anonymous_46)
FN:267,(anonymous_47)
FN:273,(anonymous_48)
FN:279,(anonymous_49)
FN:288,(anonymous_50)
FN:296,(anonymous_51)
FN:302,(anonymous_52)
FN:305,(anonymous_53)
FN:308,(anonymous_54)
FN:313,(anonymous_55)
FN:316,(anonymous_56)
FN:322,(anonymous_57)
FN:325,(anonymous_58)
FN:328,(anonymous_59)
FN:331,(anonymous_60)
FN:340,(anonymous_61)
FN:346,(anonymous_62)
FN:355,(anonymous_63)
FN:366,(anonymous_64)
FN:369,(anonymous_65)
FN:372,(anonymous_66)
FN:375,(anonymous_67)
FN:385,(anonymous_68)
FN:388,(anonymous_69)
FN:393,(anonymous_70)
FN:396,(anonymous_71)
FN:405,(anonymous_72)
FN:408,(anonymous_73)
FN:413,(anonymous_74)
FN:416,(anonymous_75)
FN:422,(anonymous_76)
FN:428,(anonymous_77)
FN:435,(anonymous_78)
FN:438,(anonymous_79)
FN:441,(anonymous_80)
FN:444,(anonymous_81)
FN:447,(anonymous_82)
FN:451,(anonymous_83)
FN:458,(anonymous_84)
FN:461,(anonymous_85)
FN:464,(anonymous_86)
FN:468,(anonymous_87)
FN:471,(anonymous_88)
FN:477,(anonymous_89)
FN:483,(anonymous_90)
FN:490,(anonymous_91)
FN:493,(anonymous_92)
FN:496,(anonymous_93)
FN:499,(anonymous_94)
FN:502,(anonymous_95)
FN:505,(anonymous_96)
FN:513,(anonymous_97)
FN:516,(anonymous_98)
FN:522,(anonymous_99)
FN:528,(anonymous_100)
FN:531,(anonymous_101)
FN:534,(anonymous_102)
FN:537,(anonymous_103)
FN:540,(anonymous_104)
FN:543,(anonymous_105)
FN:546,(anonymous_106)
FN:549,(anonymous_107)
FN:552,(anonymous_108)
FN:558,(anonymous_109)
FN:566,(anonymous_110)
FN:572,(anonymous_111)
FN:575,(anonymous_112)
FN:578,(anonymous_113)
FN:581,(anonymous_114)
FN:584,(anonymous_115)
FN:593,(anonymous_116)
FN:599,(anonymous_117)
FN:602,(anonymous_118)
FN:605,(anonymous_119)
FN:610,(anonymous_120)
FN:616,(anonymous_121)
FN:625,(anonymous_122)
FN:631,(anonymous_123)
FN:638,(anonymous_124)
FN:646,(anonymous_125)
FN:652,(anonymous_126)
FN:658,(anonymous_127)
FN:665,(anonymous_128)
FN:673,(anonymous_129)
FN:679,(anonymous_130)
FN:687,(anonymous_131)
FN:694,(anonymous_132)
FNF:133
FNH:0
FNDA:0,(anonymous_0)
FNDA:0,(anonymous_1)
FNDA:0,(anonymous_2)
FNDA:0,(anonymous_3)
FNDA:0,(anonymous_4)
FNDA:0,(anonymous_5)
FNDA:0,(anonymous_6)
FNDA:0,(anonymous_7)
FNDA:0,(anonymous_8)
FNDA:0,(anonymous_9)
FNDA:0,(anonymous_10)
FNDA:0,(anonymous_11)
FNDA:0,(anonymous_12)
FNDA:0,(anonymous_13)
FNDA:0,(anonymous_14)
FNDA:0,(anonymous_15)
FNDA:0,(anonymous_16)
FNDA:0,(anonymous_17)
FNDA:0,(anonymous_18)
FNDA:0,(anonymous_19)
FNDA:0,(anonymous_20)
FNDA:0,(anonymous_21)
FNDA:0,(anonymous_22)
FNDA:0,(anonymous_23)
FNDA:0,(anonymous_24)
FNDA:0,(anonymous_25)
FNDA:0,(anonymous_26)
FNDA:0,(anonymous_27)
FNDA:0,(anonymous_28)
FNDA:0,(anonymous_29)
FNDA:0,(anonymous_30)
FNDA:0,(anonymous_31)
FNDA:0,(anonymous_32)
FNDA:0,(anonymous_33)
FNDA:0,(anonymous_34)
FNDA:0,(anonymous_35)
FNDA:0,(anonymous_36)
FNDA:0,(anonymous_37)
FNDA:0,(anonymous_38)
FNDA:0,(anonymous_39)
FNDA:0,(anonymous_40)
FNDA:0,(anonymous_41)
FNDA:0,(anonymous_42)
FNDA:0,(anonymous_43)
FNDA:0,(anonymous_44)
FNDA:0,(anonymous_45)
FNDA:0,(anonymous_46)
FNDA:0,(anonymous_47)
FNDA:0,(anonymous_48)
FNDA:0,(anonymous_49)
FNDA:0,(anonymous_50)
FNDA:0,(anonymous_51)
FNDA:0,(anonymous_52)
FNDA:0,(anonymous_53)
FNDA:0,(anonymous_54)
FNDA:0,(anonymous_55)
FNDA:0,(anonymous_56)
FNDA:0,(anonymous_57)
FNDA:0,(anonymous_58)
FNDA:0,(anonymous_59)
FNDA:0,(anonymous_60)
FNDA:0,(anonymous_61)
FNDA:0,(anonymous_62)
FNDA:0,(anonymous_63)
FNDA:0,(anonymous_64)
FNDA:0,(anonymous_65)
FNDA:0,(anonymous_66)
FNDA:0,(anonymous_67)
FNDA:0,(anonymous_68)
FNDA:0,(anonymous_69)
FNDA:0,(anonymous_70)
FNDA:0,(anonymous_71)
FNDA:0,(anonymous_72)
FNDA:0,(anonymous_73)
FNDA:0,(anonymous_74)
FNDA:0,(anonymous_75)
FNDA:0,(anonymous_76)
FNDA:0,(anonymous_77)
FNDA:0,(anonymous_78)
FNDA:0,(anonymous_79)
FNDA:0,(anonymous_80)
FNDA:0,(anonymous_81)
FNDA:0,(anonymous_82)
FNDA:0,(anonymous_83)
FNDA:0,(anonymous_84)
FNDA:0,(anonymous_85)
FNDA:0,(anonymous_86)
FNDA:0,(anonymous_87)
FNDA:0,(anonymous_88)
FNDA:0,(anonymous_89)
FNDA:0,(anonymous_90)
FNDA:0,(anonymous_91)
FNDA:0,(anonymous_92)
FNDA:0,(anonymous_93)
FNDA:0,(anonymous_94)
FNDA:0,(anonymous_95)
FNDA:0,(anonymous_96)
FNDA:0,(anonymous_97)
FNDA:0,(anonymous_98)
FNDA:0,(anonymous_99)
FNDA:0,(anonymous_100)
FNDA:0,(anonymous_101)
FNDA:0,(anonymous_102)
FNDA:0,(anonymous_103)
FNDA:0,(anonymous_104)
FNDA:0,(anonymous_105)
FNDA:0,(anonymous_106)
FNDA:0,(anonymous_107)
FNDA:0,(anonymous_108)
FNDA:0,(anonymous_109)
FNDA:0,(anonymous_110)
FNDA:0,(anonymous_111)
FNDA:0,(anonymous_112)
FNDA:0,(anonymous_113)
FNDA:0,(anonymous_114)
FNDA:0,(anonymous_115)
FNDA:0,(anonymous_116)
FNDA:0,(anonymous_117)
FNDA:0,(anonymous_118)
FNDA:0,(anonymous_119)
FNDA:0,(anonymous_120)
FNDA:0,(anonymous_121)
FNDA:0,(anonymous_122)
FNDA:0,(anonymous_123)
FNDA:0,(anonymous_124)
FNDA:0,(anonymous_125)
FNDA:0,(anonymous_126)
FNDA:0,(anonymous_127)
FNDA:0,(anonymous_128)
FNDA:0,(anonymous_129)
FNDA:0,(anonymous_130)
FNDA:0,(anonymous_131)
FNDA:0,(anonymous_132)
DA:4,0
DA:15,0
DA:25,0
DA:36,0
DA:44,0
DA:47,0
DA:52,0
DA:56,0
DA:59,0
DA:62,0
DA:65,0
DA:68,0
DA:71,0
DA:74,0
DA:77,0
DA:83,0
DA:90,0
DA:96,0
DA:104,0
DA:112,0
DA:115,0
DA:121,0
DA:124,0
DA:127,0
DA:130,0
DA:136,0
DA:144,0
DA:147,0
DA:153,0
DA:159,0
DA:166,0
DA:172,0
DA:180,0
DA:183,0
DA:186,0
DA:189,0
DA:192,0
DA:200,0
DA:203,0
DA:206,0
DA:209,0
DA:212,0
DA:218,0
DA:224,0
DA:230,0
DA:236,0
DA:242,0
DA:248,0
DA:256,0
DA:259,0
DA:262,0
DA:265,0
DA:268,0
DA:274,0
DA:280,0
DA:289,0
DA:297,0
DA:303,0
DA:306,0
DA:309,0
DA:314,0
DA:317,0
DA:323,0
DA:326,0
DA:329,0
DA:332,0
DA:341,0
DA:347,0
DA:356,0
DA:367,0
DA:370,0
DA:373,0
DA:376,0
DA:386,0
DA:389,0
DA:394,0
DA:397,0
DA:406,0
DA:409,0
DA:414,0
DA:417,0
DA:423,0
DA:429,0
DA:436,0
DA:439,0
DA:442,0
DA:445,0
DA:448,0
DA:452,0
DA:459,0
DA:462,0
DA:465,0
DA:469,0
DA:472,0
DA:478,0
DA:484,0
DA:491,0
DA:494,0
DA:497,0
DA:500,0
DA:503,0
DA:506,0
DA:514,0
DA:517,0
DA:523,0
DA:529,0
DA:532,0
DA:535,0
DA:538,0
DA:541,0
DA:544,0
DA:547,0
DA:550,0
DA:553,0
DA:559,0
DA:567,0
DA:573,0
DA:576,0
DA:579,0
DA:582,0
DA:585,0
DA:594,0
DA:600,0
DA:603,0
DA:606,0
DA:611,0
DA:617,0
DA:626,0
DA:632,0
DA:639,0
DA:647,0
DA:653,0
DA:659,0
DA:666,0
DA:674,0
DA:680,0
DA:688,0
DA:695,0
LF:138
LH:0
BRF:0
BRH:0
end_of_record
TN:
SF:src\router\index.js
FN:14,(anonymous_0)
FN:19,(anonymous_1)
FN:24,(anonymous_2)
FN:29,(anonymous_3)
FN:34,(anonymous_4)
FN:39,(anonymous_5)
FN:44,(anonymous_6)
FN:49,(anonymous_7)
FN:54,(anonymous_8)
FN:59,(anonymous_9)
FN:64,(anonymous_10)
FN:69,(anonymous_11)
FN:74,(anonymous_12)
FN:79,(anonymous_13)
FN:84,(anonymous_14)
FN:89,(anonymous_15)
FN:95,(anonymous_16)
FN:100,(anonymous_17)
FN:105,(anonymous_18)
FN:110,(anonymous_19)
FN:115,(anonymous_20)
FN:120,(anonymous_21)
FN:125,(anonymous_22)
FNF:23
FNH:0
FNDA:0,(anonymous_0)
FNDA:0,(anonymous_1)
FNDA:0,(anonymous_2)
FNDA:0,(anonymous_3)
FNDA:0,(anonymous_4)
FNDA:0,(anonymous_5)
FNDA:0,(anonymous_6)
FNDA:0,(anonymous_7)
FNDA:0,(anonymous_8)
FNDA:0,(anonymous_9)
FNDA:0,(anonymous_10)
FNDA:0,(anonymous_11)
FNDA:0,(anonymous_12)
FNDA:0,(anonymous_13)
FNDA:0,(anonymous_14)
FNDA:0,(anonymous_15)
FNDA:0,(anonymous_16)
FNDA:0,(anonymous_17)
FNDA:0,(anonymous_18)
FNDA:0,(anonymous_19)
FNDA:0,(anonymous_20)
FNDA:0,(anonymous_21)
FNDA:0,(anonymous_22)
DA:6,0
DA:14,0
DA:19,0
DA:24,0
DA:29,0
DA:34,0
DA:39,0
DA:44,0
DA:49,0
DA:54,0
DA:59,0
DA:64,0
DA:69,0
DA:74,0
DA:79,0
DA:84,0
DA:89,0
DA:95,0
DA:100,0
DA:105,0
DA:110,0
DA:115,0
DA:120,0
DA:125,0
DA:132,0
LF:25
LH:0
BRF:0
BRH:0
end_of_record
TN:
SF:src\utils\request.js
FN:12,(anonymous_0)
FN:25,(anonymous_1)
FN:33,(anonymous_2)
FN:42,(anonymous_3)
FNF:4
FNH:0
FNDA:0,(anonymous_0)
FNDA:0,(anonymous_1)
FNDA:0,(anonymous_2)
FNDA:0,(anonymous_3)
DA:5,0
DA:11,0
DA:14,0
DA:15,0
DA:19,0
DA:20,0
DA:21,0
DA:23,0
DA:26,0
DA:27,0
DA:32,0
DA:35,0
DA:36,0
DA:37,0
DA:40,0
DA:43,0
DA:45,0
DA:46,0
DA:47,0
DA:48,0
DA:50,0
LF:21
LH:0
BRDA:14,0,0,0
BRDA:14,0,1,0
BRDA:20,1,0,0
BRDA:20,1,1,0
BRDA:36,2,0,0
BRDA:36,2,1,0
BRDA:45,3,0,0
BRDA:45,3,1,0
BRF:8
BRH:0
end_of_record
TN:
SF:src\views\Index.vue
FN:8,(anonymous_0)
FN:21,(anonymous_1)
FN:33,(anonymous_2)
FN:37,(anonymous_3)
FN:92,(anonymous_4)
FN:95,(anonymous_5)
FN:98,(anonymous_6)
FN:113,(anonymous_7)
FN:122,(anonymous_8)
FN:128,(anonymous_9)
FN:148,(anonymous_10)
FN:151,(anonymous_11)
FN:154,(anonymous_12)
FN:157,(anonymous_13)
FN:160,(anonymous_14)
FN:163,(anonymous_15)
FN:166,(anonymous_16)
FN:169,(anonymous_17)
FN:172,(anonymous_18)
FN:175,(anonymous_19)
FN:178,(anonymous_20)
FN:181,(anonymous_21)
FN:184,(anonymous_22)
FN:187,(anonymous_23)
FN:190,(anonymous_24)
FN:193,(anonymous_25)
FN:196,(anonymous_26)
FN:199,(anonymous_27)
FN:202,(anonymous_28)
FN:205,(anonymous_29)
FN:208,(anonymous_30)
FN:211,(anonymous_31)
FN:214,(anonymous_32)
FN:217,(anonymous_33)
FN:220,(anonymous_34)
FN:238,_toConsumableArray
FN:239,_nonIterableSpread
FN:240,_unsupportedIterableToArray
FN:241,_iterableToArray
FN:242,_arrayWithoutHoles
FN:243,_arrayLikeToArray
FN:451,render
FN:474,(anonymous_42)
FN:480,(anonymous_43)
FN:482,(anonymous_44)
FN:492,(anonymous_45)
FN:494,(anonymous_46)
FN:500,(anonymous_47)
FN:504,(anonymous_48)
FN:506,(anonymous_49)
FN:516,(anonymous_50)
FN:518,(anonymous_51)
FN:531,(anonymous_52)
FN:533,(anonymous_53)
FN:539,(anonymous_54)
FN:543,(anonymous_55)
FN:545,(anonymous_56)
FN:555,(anonymous_57)
FN:557,(anonymous_58)
FN:570,(anonymous_59)
FN:572,(anonymous_60)
FN:578,(anonymous_61)
FN:582,(anonymous_62)
FN:584,(anonymous_63)
FN:594,(anonymous_64)
FN:596,(anonymous_65)
FN:609,(anonymous_66)
FN:611,(anonymous_67)
FN:617,(anonymous_68)
FN:621,(anonymous_69)
FN:623,(anonymous_70)
FN:633,(anonymous_71)
FN:635,(anonymous_72)
FN:648,(anonymous_73)
FN:650,(anonymous_74)
FN:656,(anonymous_75)
FN:660,(anonymous_76)
FN:662,(anonymous_77)
FN:672,(anonymous_78)
FN:674,(anonymous_79)
FN:684,(anonymous_80)
FN:686,(anonymous_81)
FN:699,(anonymous_82)
FN:701,(anonymous_83)
FN:707,(anonymous_84)
FN:711,(anonymous_85)
FN:713,(anonymous_86)
FN:723,(anonymous_87)
FN:725,(anonymous_88)
FN:735,(anonymous_89)
FN:737,(anonymous_90)
FN:750,(anonymous_91)
FN:752,(anonymous_92)
FN:758,(anonymous_93)
FN:762,(anonymous_94)
FN:764,(anonymous_95)
FN:777,(anonymous_96)
FN:779,(anonymous_97)
FN:791,(anonymous_98)
FN:793,(anonymous_99)
FN:803,(anonymous_100)
FN:805,(anonymous_101)
FN:811,(anonymous_102)
FN:815,(anonymous_103)
FN:817,(anonymous_104)
FN:827,(anonymous_105)
FN:829,(anonymous_106)
FN:839,(anonymous_107)
FN:841,(anonymous_108)
FN:851,(anonymous_109)
FN:853,(anonymous_110)
FN:866,(anonymous_111)
FN:868,(anonymous_112)
FN:874,(anonymous_113)
FN:878,(anonymous_114)
FN:880,(anonymous_115)
FN:890,(anonymous_116)
FN:892,(anonymous_117)
FN:902,(anonymous_118)
FN:904,(anonymous_119)
FN:917,(anonymous_120)
FN:919,(anonymous_121)
FN:925,(anonymous_122)
FN:929,(anonymous_123)
FN:931,(anonymous_124)
FN:941,(anonymous_125)
FN:943,(anonymous_126)
FN:956,(anonymous_127)
FN:958,(anonymous_128)
FN:964,(anonymous_129)
FN:968,(anonymous_130)
FN:970,(anonymous_131)
FN:980,(anonymous_132)
FN:982,(anonymous_133)
FN:995,(anonymous_134)
FN:997,(anonymous_135)
FN:1003,(anonymous_136)
FN:1007,(anonymous_137)
FN:1009,(anonymous_138)
FN:1022,(anonymous_139)
FN:1024,(anonymous_140)
FN:1036,(anonymous_141)
FN:1038,(anonymous_142)
FN:1044,(anonymous_143)
FN:1048,(anonymous_144)
FN:1050,(anonymous_145)
FN:1060,(anonymous_146)
FN:1062,(anonymous_147)
FN:1072,(anonymous_148)
FN:1074,(anonymous_149)
FN:1084,(anonymous_150)
FN:1086,(anonymous_151)
FN:1099,(anonymous_152)
FN:1101,(anonymous_153)
FN:1107,(anonymous_154)
FN:1111,(anonymous_155)
FN:1113,(anonymous_156)
FN:1126,(anonymous_157)
FN:1128,(anonymous_158)
FN:1134,(anonymous_159)
FN:1138,(anonymous_160)
FN:1140,(anonymous_161)
FN:1150,(anonymous_162)
FN:1152,(anonymous_163)
FN:1165,(anonymous_164)
FN:1167,(anonymous_165)
FN:1173,(anonymous_166)
FN:1177,(anonymous_167)
FN:1179,(anonymous_168)
FN:1189,(anonymous_169)
FN:1191,(anonymous_170)
FN:1201,(anonymous_171)
FN:1203,(anonymous_172)
FN:1216,(anonymous_173)
FN:1218,(anonymous_174)
FN:1233,(anonymous_175)
FN:1235,(anonymous_176)
FN:1243,(anonymous_177)
FN:1245,(anonymous_178)
FN:1249,(anonymous_179)
FN:1257,(anonymous_180)
FN:1266,(anonymous_181)
FN:1271,(anonymous_182)
FNF:183
FNH:0
FNDA:0,(anonymous_0)
FNDA:0,(anonymous_1)
FNDA:0,(anonymous_2)
FNDA:0,(anonymous_3)
FNDA:0,(anonymous_4)
FNDA:0,(anonymous_5)
FNDA:0,(anonymous_6)
FNDA:0,(anonymous_7)
FNDA:0,(anonymous_8)
FNDA:0,(anonymous_9)
FNDA:0,(anonymous_10)
FNDA:0,(anonymous_11)
FNDA:0,(anonymous_12)
FNDA:0,(anonymous_13)
FNDA:0,(anonymous_14)
FNDA:0,(anonymous_15)
FNDA:0,(anonymous_16)
FNDA:0,(anonymous_17)
FNDA:0,(anonymous_18)
FNDA:0,(anonymous_19)
FNDA:0,(anonymous_20)
FNDA:0,(anonymous_21)
FNDA:0,(anonymous_22)
FNDA:0,(anonymous_23)
FNDA:0,(anonymous_24)
FNDA:0,(anonymous_25)
FNDA:0,(anonymous_26)
FNDA:0,(anonymous_27)
FNDA:0,(anonymous_28)
FNDA:0,(anonymous_29)
FNDA:0,(anonymous_30)
FNDA:0,(anonymous_31)
FNDA:0,(anonymous_32)
FNDA:0,(anonymous_33)
FNDA:0,(anonymous_34)
FNDA:0,_toConsumableArray
FNDA:0,_nonIterableSpread
FNDA:0,_unsupportedIterableToArray
FNDA:0,_iterableToArray
FNDA:0,_arrayWithoutHoles
FNDA:0,_arrayLikeToArray
FNDA:0,render
FNDA:0,(anonymous_42)
FNDA:0,(anonymous_43)
FNDA:0,(anonymous_44)
FNDA:0,(anonymous_45)
FNDA:0,(anonymous_46)
FNDA:0,(anonymous_47)
FNDA:0,(anonymous_48)
FNDA:0,(anonymous_49)
FNDA:0,(anonymous_50)
FNDA:0,(anonymous_51)
FNDA:0,(anonymous_52)
FNDA:0,(anonymous_53)
FNDA:0,(anonymous_54)
FNDA:0,(anonymous_55)
FNDA:0,(anonymous_56)
FNDA:0,(anonymous_57)
FNDA:0,(anonymous_58)
FNDA:0,(anonymous_59)
FNDA:0,(anonymous_60)
FNDA:0,(anonymous_61)
FNDA:0,(anonymous_62)
FNDA:0,(anonymous_63)
FNDA:0,(anonymous_64)
FNDA:0,(anonymous_65)
FNDA:0,(anonymous_66)
FNDA:0,(anonymous_67)
FNDA:0,(anonymous_68)
FNDA:0,(anonymous_69)
FNDA:0,(anonymous_70)
FNDA:0,(anonymous_71)
FNDA:0,(anonymous_72)
FNDA:0,(anonymous_73)
FNDA:0,(anonymous_74)
FNDA:0,(anonymous_75)
FNDA:0,(anonymous_76)
FNDA:0,(anonymous_77)
FNDA:0,(anonymous_78)
FNDA:0,(anonymous_79)
FNDA:0,(anonymous_80)
FNDA:0,(anonymous_81)
FNDA:0,(anonymous_82)
FNDA:0,(anonymous_83)
FNDA:0,(anonymous_84)
FNDA:0,(anonymous_85)
FNDA:0,(anonymous_86)
FNDA:0,(anonymous_87)
FNDA:0,(anonymous_88)
FNDA:0,(anonymous_89)
FNDA:0,(anonymous_90)
FNDA:0,(anonymous_91)
FNDA:0,(anonymous_92)
FNDA:0,(anonymous_93)
FNDA:0,(anonymous_94)
FNDA:0,(anonymous_95)
FNDA:0,(anonymous_96)
FNDA:0,(anonymous_97)
FNDA:0,(anonymous_98)
FNDA:0,(anonymous_99)
FNDA:0,(anonymous_100)
FNDA:0,(anonymous_101)
FNDA:0,(anonymous_102)
FNDA:0,(anonymous_103)
FNDA:0,(anonymous_104)
FNDA:0,(anonymous_105)
FNDA:0,(anonymous_106)
FNDA:0,(anonymous_107)
FNDA:0,(anonymous_108)
FNDA:0,(anonymous_109)
FNDA:0,(anonymous_110)
FNDA:0,(anonymous_111)
FNDA:0,(anonymous_112)
FNDA:0,(anonymous_113)
FNDA:0,(anonymous_114)
FNDA:0,(anonymous_115)
FNDA:0,(anonymous_116)
FNDA:0,(anonymous_117)
FNDA:0,(anonymous_118)
FNDA:0,(anonymous_119)
FNDA:0,(anonymous_120)
FNDA:0,(anonymous_121)
FNDA:0,(anonymous_122)
FNDA:0,(anonymous_123)
FNDA:0,(anonymous_124)
FNDA:0,(anonymous_125)
FNDA:0,(anonymous_126)
FNDA:0,(anonymous_127)
FNDA:0,(anonymous_128)
FNDA:0,(anonymous_129)
FNDA:0,(anonymous_130)
FNDA:0,(anonymous_131)
FNDA:0,(anonymous_132)
FNDA:0,(anonymous_133)
FNDA:0,(anonymous_134)
FNDA:0,(anonymous_135)
FNDA:0,(anonymous_136)
FNDA:0,(anonymous_137)
FNDA:0,(anonymous_138)
FNDA:0,(anonymous_139)
FNDA:0,(anonymous_140)
FNDA:0,(anonymous_141)
FNDA:0,(anonymous_142)
FNDA:0,(anonymous_143)
FNDA:0,(anonymous_144)
FNDA:0,(anonymous_145)
FNDA:0,(anonymous_146)
FNDA:0,(anonymous_147)
FNDA:0,(anonymous_148)
FNDA:0,(anonymous_149)
FNDA:0,(anonymous_150)
FNDA:0,(anonymous_151)
FNDA:0,(anonymous_152)
FNDA:0,(anonymous_153)
FNDA:0,(anonymous_154)
FNDA:0,(anonymous_155)
FNDA:0,(anonymous_156)
FNDA:0,(anonymous_157)
FNDA:0,(anonymous_158)
FNDA:0,(anonymous_159)
FNDA:0,(anonymous_160)
FNDA:0,(anonymous_161)
FNDA:0,(anonymous_162)
FNDA:0,(anonymous_163)
FNDA:0,(anonymous_164)
FNDA:0,(anonymous_165)
FNDA:0,(anonymous_166)
FNDA:0,(anonymous_167)
FNDA:0,(anonymous_168)
FNDA:0,(anonymous_169)
FNDA:0,(anonymous_170)
FNDA:0,(anonymous_171)
FNDA:0,(anonymous_172)
FNDA:0,(anonymous_173)
FNDA:0,(anonymous_174)
FNDA:0,(anonymous_175)
FNDA:0,(anonymous_176)
FNDA:0,(anonymous_177)
FNDA:0,(anonymous_178)
FNDA:0,(anonymous_179)
FNDA:0,(anonymous_180)
FNDA:0,(anonymous_181)
FNDA:0,(anonymous_182)
DA:11,0
DA:12,0
DA:13,0
DA:16,0
DA:17,0
DA:18,0
DA:21,0
DA:22,0
DA:23,0
DA:24,0
DA:25,0
DA:28,0
DA:33,0
DA:34,0
DA:35,0
DA:37,0
DA:38,0
DA:39,0
DA:88,0
DA:92,0
DA:93,0
DA:95,0
DA:96,0
DA:98,0
DA:99,0
DA:100,0
DA:102,0
DA:105,0
DA:106,0
DA:107,0
DA:108,0
DA:113,0
DA:115,0
DA:116,0
DA:117,0
DA:119,0
DA:122,0
DA:123,0
DA:125,0
DA:128,0
DA:129,0
DA:132,0
DA:149,0
DA:152,0
DA:155,0
DA:158,0
DA:161,0
DA:164,0
DA:167,0
DA:170,0
DA:173,0
DA:176,0
DA:179,0
DA:182,0
DA:185,0
DA:188,0
DA:191,0
DA:194,0
DA:197,0
DA:200,0
DA:203,0
DA:206,0
DA:209,0
DA:212,0
DA:215,0
DA:218,0
DA:221,0
DA:224,0
DA:228,0
DA:233,0
DA:236,0
DA:237,0
DA:238,0
DA:239,0
DA:240,0
DA:241,0
DA:242,0
DA:243,0
DA:244,0
DA:247,0
DA:250,0
DA:253,0
DA:256,0
DA:259,0
DA:262,0
DA:265,0
DA:268,0
DA:271,0
DA:274,0
DA:277,0
DA:280,0
DA:283,0
DA:286,0
DA:289,0
DA:292,0
DA:295,0
DA:298,0
DA:301,0
DA:304,0
DA:307,0
DA:310,0
DA:313,0
DA:316,0
DA:319,0
DA:322,0
DA:325,0
DA:328,0
DA:331,0
DA:334,0
DA:337,0
DA:340,0
DA:343,0
DA:346,0
DA:349,0
DA:352,0
DA:355,0
DA:358,0
DA:361,0
DA:364,0
DA:367,0
DA:370,0
DA:373,0
DA:376,0
DA:379,0
DA:382,0
DA:385,0
DA:388,0
DA:391,0
DA:394,0
DA:397,0
DA:400,0
DA:403,0
DA:406,0
DA:409,0
DA:412,0
DA:415,0
DA:418,0
DA:421,0
DA:424,0
DA:427,0
DA:430,0
DA:433,0
DA:436,0
DA:439,0
DA:442,0
DA:445,0
DA:448,0
DA:452,0
DA:453,0
DA:454,0
DA:455,0
DA:456,0
DA:457,0
DA:458,0
DA:459,0
DA:460,0
DA:461,0
DA:462,0
DA:475,0
DA:481,0
DA:483,0
DA:493,0
DA:495,0
DA:501,0
DA:505,0
DA:507,0
DA:517,0
DA:519,0
DA:532,0
DA:534,0
DA:540,0
DA:544,0
DA:546,0
DA:556,0
DA:558,0
DA:571,0
DA:573,0
DA:579,0
DA:583,0
DA:585,0
DA:595,0
DA:597,0
DA:610,0
DA:612,0
DA:618,0
DA:622,0
DA:624,0
DA:634,0
DA:636,0
DA:649,0
DA:651,0
DA:657,0
DA:661,0
DA:663,0
DA:673,0
DA:675,0
DA:685,0
DA:687,0
DA:700,0
DA:702,0
DA:708,0
DA:712,0
DA:714,0
DA:724,0
DA:726,0
DA:736,0
DA:738,0
DA:751,0
DA:753,0
DA:759,0
DA:763,0
DA:765,0
DA:778,0
DA:780,0
DA:792,0
DA:794,0
DA:804,0
DA:806,0
DA:812,0
DA:816,0
DA:818,0
DA:828,0
DA:830,0
DA:840,0
DA:842,0
DA:852,0
DA:854,0
DA:867,0
DA:869,0
DA:875,0
DA:879,0
DA:881,0
DA:891,0
DA:893,0
DA:903,0
DA:905,0
DA:918,0
DA:920,0
DA:926,0
DA:930,0
DA:932,0
DA:942,0
DA:944,0
DA:957,0
DA:959,0
DA:965,0
DA:969,0
DA:971,0
DA:981,0
DA:983,0
DA:996,0
DA:998,0
DA:1004,0
DA:1008,0
DA:1010,0
DA:1023,0
DA:1025,0
DA:1037,0
DA:1039,0
DA:1045,0
DA:1049,0
DA:1051,0
DA:1061,0
DA:1063,0
DA:1073,0
DA:1075,0
DA:1085,0
DA:1087,0
DA:1100,0
DA:1102,0
DA:1108,0
DA:1112,0
DA:1114,0
DA:1127,0
DA:1129,0
DA:1135,0
DA:1139,0
DA:1141,0
DA:1151,0
DA:1153,0
DA:1166,0
DA:1168,0
DA:1174,0
DA:1178,0
DA:1180,0
DA:1190,0
DA:1192,0
DA:1202,0
DA:1204,0
DA:1217,0
DA:1219,0
DA:1234,0
DA:1236,0
DA:1244,0
DA:1246,0
DA:1250,0
DA:1258,0
DA:1267,0
DA:1272,0
DA:1279,0
LF:300
LH:0
BRDA:17,0,0,0
BRDA:17,0,1,0
BRDA:24,1,0,0
BRDA:24,1,1,0
BRDA:88,2,0,0
BRDA:88,2,1,0
BRDA:116,3,0,0
BRDA:116,3,1,0
BRDA:238,4,0,0
BRDA:238,4,1,0
BRDA:238,4,2,0
BRDA:238,4,3,0
BRDA:240,5,0,0
BRDA:240,5,1,0
BRDA:240,6,0,0
BRDA:240,6,1,0
BRDA:240,7,0,0
BRDA:240,7,1,0
BRDA:240,7,2,0
BRDA:240,8,0,0
BRDA:240,8,1,0
BRDA:240,9,0,0
BRDA:240,9,1,0
BRDA:240,10,0,0
BRDA:240,10,1,0
BRDA:240,11,0,0
BRDA:240,11,1,0
BRDA:241,12,0,0
BRDA:241,12,1,0
BRDA:241,13,0,0
BRDA:241,13,1,0
BRDA:241,13,2,0
BRDA:242,14,0,0
BRDA:242,14,1,0
BRDA:243,15,0,0
BRDA:243,15,1,0
BRDA:243,15,2,0
BRDA:466,16,0,0
BRDA:466,16,1,0
BRDA:475,17,0,0
BRDA:475,17,1,0
BRDA:486,18,0,0
BRDA:486,18,1,0
BRDA:498,19,0,0
BRDA:498,19,1,0
BRDA:510,20,0,0
BRDA:510,20,1,0
BRDA:522,21,0,0
BRDA:522,21,1,0
BRDA:537,22,0,0
BRDA:537,22,1,0
BRDA:549,23,0,0
BRDA:549,23,1,0
BRDA:561,24,0,0
BRDA:561,24,1,0
BRDA:576,25,0,0
BRDA:576,25,1,0
BRDA:588,26,0,0
BRDA:588,26,1,0
BRDA:600,27,0,0
BRDA:600,27,1,0
BRDA:615,28,0,0
BRDA:615,28,1,0
BRDA:627,29,0,0
BRDA:627,29,1,0
BRDA:639,30,0,0
BRDA:639,30,1,0
BRDA:654,31,0,0
BRDA:654,31,1,0
BRDA:666,32,0,0
BRDA:666,32,1,0
BRDA:678,33,0,0
BRDA:678,33,1,0
BRDA:690,34,0,0
BRDA:690,34,1,0
BRDA:705,35,0,0
BRDA:705,35,1,0
BRDA:717,36,0,0
BRDA:717,36,1,0
BRDA:729,37,0,0
BRDA:729,37,1,0
BRDA:741,38,0,0
BRDA:741,38,1,0
BRDA:756,39,0,0
BRDA:756,39,1,0
BRDA:768,40,0,0
BRDA:768,40,1,0
BRDA:783,41,0,0
BRDA:783,41,1,0
BRDA:786,42,0,0
BRDA:786,42,1,0
BRDA:797,43,0,0
BRDA:797,43,1,0
BRDA:809,44,0,0
BRDA:809,44,1,0
BRDA:821,45,0,0
BRDA:821,45,1,0
BRDA:833,46,0,0
BRDA:833,46,1,0
BRDA:845,47,0,0
BRDA:845,47,1,0
BRDA:857,48,0,0
BRDA:857,48,1,0
BRDA:872,49,0,0
BRDA:872,49,1,0
BRDA:884,50,0,0
BRDA:884,50,1,0
BRDA:896,51,0,0
BRDA:896,51,1,0
BRDA:908,52,0,0
BRDA:908,52,1,0
BRDA:923,53,0,0
BRDA:923,53,1,0
BRDA:935,54,0,0
BRDA:935,54,1,0
BRDA:947,55,0,0
BRDA:947,55,1,0
BRDA:962,56,0,0
BRDA:962,56,1,0
BRDA:974,57,0,0
BRDA:974,57,1,0
BRDA:986,58,0,0
BRDA:986,58,1,0
BRDA:1001,59,0,0
BRDA:1001,59,1,0
BRDA:1013,60,0,0
BRDA:1013,60,1,0
BRDA:1028,61,0,0
BRDA:1028,61,1,0
BRDA:1031,62,0,0
BRDA:1031,62,1,0
BRDA:1042,63,0,0
BRDA:1042,63,1,0
BRDA:1054,64,0,0
BRDA:1054,64,1,0
BRDA:1066,65,0,0
BRDA:1066,65,1,0
BRDA:1078,66,0,0
BRDA:1078,66,1,0
BRDA:1090,67,0,0
BRDA:1090,67,1,0
BRDA:1105,68,0,0
BRDA:1105,68,1,0
BRDA:1117,69,0,0
BRDA:1117,69,1,0
BRDA:1132,70,0,0
BRDA:1132,70,1,0
BRDA:1144,71,0,0
BRDA:1144,71,1,0
BRDA:1156,72,0,0
BRDA:1156,72,1,0
BRDA:1171,73,0,0
BRDA:1171,73,1,0
BRDA:1183,74,0,0
BRDA:1183,74,1,0
BRDA:1195,75,0,0
BRDA:1195,75,1,0
BRDA:1207,76,0,0
BRDA:1207,76,1,0
BRDA:1222,77,0,0
BRDA:1222,77,1,0
BRDA:1250,78,0,0
BRDA:1250,78,1,0
BRDA:1258,79,0,0
BRDA:1258,79,1,0
BRF:165
BRH:0
end_of_record
TN:
SF:src\views\Login.vue
FN:8,(anonymous_0)
FN:31,(anonymous_1)
FN:32,(anonymous_2)
FN:81,(anonymous_3)
FN:84,(anonymous_4)
FN:87,(anonymous_5)
FN:90,(anonymous_6)
FN:93,(anonymous_7)
FN:111,_toConsumableArray
FN:112,_nonIterableSpread
FN:113,_unsupportedIterableToArray
FN:114,_iterableToArray
FN:115,_arrayWithoutHoles
FN:116,_arrayLikeToArray
FN:123,render
FN:141,(anonymous_15)
FN:153,(anonymous_16)
FN:157,(anonymous_17)
FN:160,(anonymous_18)
FN:166,(anonymous_19)
FN:168,(anonymous_20)
FN:181,(anonymous_21)
FN:184,(anonymous_22)
FN:192,(anonymous_23)
FN:194,(anonymous_24)
FN:205,(anonymous_25)
FN:212,(anonymous_26)
FNF:27
FNH:0
FNDA:0,(anonymous_0)
FNDA:0,(anonymous_1)
FNDA:0,(anonymous_2)
FNDA:0,(anonymous_3)
FNDA:0,(anonymous_4)
FNDA:0,(anonymous_5)
FNDA:0,(anonymous_6)
FNDA:0,(anonymous_7)
FNDA:0,_toConsumableArray
FNDA:0,_nonIterableSpread
FNDA:0,_unsupportedIterableToArray
FNDA:0,_iterableToArray
FNDA:0,_arrayWithoutHoles
FNDA:0,_arrayLikeToArray
FNDA:0,render
FNDA:0,(anonymous_15)
FNDA:0,(anonymous_16)
FNDA:0,(anonymous_17)
FNDA:0,(anonymous_18)
FNDA:0,(anonymous_19)
FNDA:0,(anonymous_20)
FNDA:0,(anonymous_21)
FNDA:0,(anonymous_22)
FNDA:0,(anonymous_23)
FNDA:0,(anonymous_24)
FNDA:0,(anonymous_25)
FNDA:0,(anonymous_26)
DA:11,0
DA:12,0
DA:13,0
DA:14,0
DA:15,0
DA:19,0
DA:31,0
DA:32,0
DA:33,0
DA:34,0
DA:35,0
DA:36,0
DA:39,0
DA:40,0
DA:41,0
DA:42,0
DA:46,0
DA:47,0
DA:48,0
DA:49,0
DA:51,0
DA:52,0
DA:54,0
DA:57,0
DA:58,0
DA:59,0
DA:60,0
DA:61,0
DA:63,0
DA:66,0
DA:67,0
DA:69,0
DA:72,0
DA:82,0
DA:85,0
DA:88,0
DA:91,0
DA:94,0
DA:97,0
DA:101,0
DA:106,0
DA:109,0
DA:110,0
DA:111,0
DA:112,0
DA:113,0
DA:114,0
DA:115,0
DA:116,0
DA:117,0
DA:120,0
DA:124,0
DA:125,0
DA:126,0
DA:127,0
DA:128,0
DA:129,0
DA:130,0
DA:142,0
DA:154,0
DA:158,0
DA:161,0
DA:167,0
DA:169,0
DA:182,0
DA:185,0
DA:193,0
DA:195,0
DA:206,0
DA:213,0
DA:228,0
LF:71
LH:0
BRDA:33,0,0,0
BRDA:33,0,1,0
BRDA:40,1,0,0
BRDA:40,1,1,0
BRDA:40,2,0,0
BRDA:40,2,1,0
BRDA:40,2,2,0
BRDA:41,3,0,0
BRDA:41,3,1,0
BRDA:41,3,2,0
BRDA:47,4,0,0
BRDA:47,4,1,0
BRDA:47,5,0,0
BRDA:47,5,1,0
BRDA:52,6,0,0
BRDA:52,6,1,0
BRDA:58,7,0,0
BRDA:58,7,1,0
BRDA:60,8,0,0
BRDA:60,8,1,0
BRDA:67,9,0,0
BRDA:67,9,1,0
BRDA:111,10,0,0
BRDA:111,10,1,0
BRDA:111,10,2,0
BRDA:111,10,3,0
BRDA:113,11,0,0
BRDA:113,11,1,0
BRDA:113,12,0,0
BRDA:113,12,1,0
BRDA:113,13,0,0
BRDA:113,13,1,0
BRDA:113,13,2,0
BRDA:113,14,0,0
BRDA:113,14,1,0
BRDA:113,15,0,0
BRDA:113,15,1,0
BRDA:113,16,0,0
BRDA:113,16,1,0
BRDA:113,17,0,0
BRDA:113,17,1,0
BRDA:114,18,0,0
BRDA:114,18,1,0
BRDA:114,19,0,0
BRDA:114,19,1,0
BRDA:114,19,2,0
BRDA:115,20,0,0
BRDA:115,20,1,0
BRDA:116,21,0,0
BRDA:116,21,1,0
BRDA:116,21,2,0
BRDA:130,22,0,0
BRDA:130,22,1,0
BRDA:142,23,0,0
BRDA:142,23,1,0
BRDA:160,24,0,0
BRDA:160,24,1,0
BRDA:184,25,0,0
BRDA:184,25,1,0
BRDA:213,26,0,0
BRDA:213,26,1,0
BRDA:225,27,0,0
BRDA:225,27,1,0
BRF:63
BRH:0
end_of_record
TN:
SF:src\views\common\AgriculturalAssistant.vue
FN:11,(anonymous_0)
FN:28,(anonymous_1)
FN:34,(anonymous_2)
FN:35,(anonymous_3)
FN:43,(anonymous_4)
FN:48,(anonymous_5)
FN:60,(anonymous_6)
FN:66,(anonymous_7)
FN:79,(anonymous_8)
FN:127,(anonymous_9)
FN:146,(anonymous_10)
FN:149,(anonymous_11)
FN:152,(anonymous_12)
FN:155,(anonymous_13)
FN:158,(anonymous_14)
FN:161,(anonymous_15)
FN:164,(anonymous_16)
FN:167,(anonymous_17)
FN:170,(anonymous_18)
FN:173,(anonymous_19)
FN:176,(anonymous_20)
FN:179,(anonymous_21)
FN:182,(anonymous_22)
FN:185,(anonymous_23)
FN:188,(anonymous_24)
FN:191,(anonymous_25)
FN:194,(anonymous_26)
FN:212,_toConsumableArray
FN:213,_nonIterableSpread
FN:214,_unsupportedIterableToArray
FN:215,_iterableToArray
FN:216,_arrayWithoutHoles
FN:217,_arrayLikeToArray
FN:319,render
FN:332,(anonymous_34)
FN:337,(anonymous_35)
FN:341,(anonymous_36)
FN:345,onClick
FN:349,(anonymous_38)
FN:355,(anonymous_39)
FN:365,(anonymous_40)
FN:373,(anonymous_41)
FN:381,(anonymous_42)
FN:389,(anonymous_43)
FN:397,(anonymous_44)
FN:403,(anonymous_45)
FN:411,(anonymous_46)
FN:415,(anonymous_47)
FN:422,(anonymous_48)
FN:437,(anonymous_49)
FN:439,(anonymous_50)
FN:454,(anonymous_51)
FN:472,(anonymous_52)
FN:474,(anonymous_53)
FNF:54
FNH:0
FNDA:0,(anonymous_0)
FNDA:0,(anonymous_1)
FNDA:0,(anonymous_2)
FNDA:0,(anonymous_3)
FNDA:0,(anonymous_4)
FNDA:0,(anonymous_5)
FNDA:0,(anonymous_6)
FNDA:0,(anonymous_7)
FNDA:0,(anonymous_8)
FNDA:0,(anonymous_9)
FNDA:0,(anonymous_10)
FNDA:0,(anonymous_11)
FNDA:0,(anonymous_12)
FNDA:0,(anonymous_13)
FNDA:0,(anonymous_14)
FNDA:0,(anonymous_15)
FNDA:0,(anonymous_16)
FNDA:0,(anonymous_17)
FNDA:0,(anonymous_18)
FNDA:0,(anonymous_19)
FNDA:0,(anonymous_20)
FNDA:0,(anonymous_21)
FNDA:0,(anonymous_22)
FNDA:0,(anonymous_23)
FNDA:0,(anonymous_24)
FNDA:0,(anonymous_25)
FNDA:0,(anonymous_26)
FNDA:0,_toConsumableArray
FNDA:0,_nonIterableSpread
FNDA:0,_unsupportedIterableToArray
FNDA:0,_iterableToArray
FNDA:0,_arrayWithoutHoles
FNDA:0,_arrayLikeToArray
FNDA:0,render
FNDA:0,(anonymous_34)
FNDA:0,(anonymous_35)
FNDA:0,(anonymous_36)
FNDA:0,onClick
FNDA:0,(anonymous_38)
FNDA:0,(anonymous_39)
FNDA:0,(anonymous_40)
FNDA:0,(anonymous_41)
FNDA:0,(anonymous_42)
FNDA:0,(anonymous_43)
FNDA:0,(anonymous_44)
FNDA:0,(anonymous_45)
FNDA:0,(anonymous_46)
FNDA:0,(anonymous_47)
FNDA:0,(anonymous_48)
FNDA:0,(anonymous_49)
FNDA:0,(anonymous_50)
FNDA:0,(anonymous_51)
FNDA:0,(anonymous_52)
FNDA:0,(anonymous_53)
DA:14,0
DA:15,0
DA:19,0
DA:20,0
DA:21,0
DA:22,0
DA:25,0
DA:28,0
DA:29,0
DA:30,0
DA:34,0
DA:35,0
DA:36,0
DA:37,0
DA:43,0
DA:44,0
DA:48,0
DA:49,0
DA:50,0
DA:51,0
DA:52,0
DA:54,0
DA:55,0
DA:60,0
DA:61,0
DA:62,0
DA:63,0
DA:64,0
DA:65,0
DA:66,0
DA:74,0
DA:79,0
DA:80,0
DA:81,0
DA:82,0
DA:83,0
DA:87,0
DA:92,0
DA:93,0
DA:94,0
DA:95,0
DA:97,0
DA:98,0
DA:103,0
DA:106,0
DA:107,0
DA:108,0
DA:110,0
DA:114,0
DA:120,0
DA:121,0
DA:123,0
DA:124,0
DA:127,0
DA:128,0
DA:129,0
DA:131,0
DA:147,0
DA:150,0
DA:153,0
DA:156,0
DA:159,0
DA:162,0
DA:165,0
DA:168,0
DA:171,0
DA:174,0
DA:177,0
DA:180,0
DA:183,0
DA:186,0
DA:189,0
DA:192,0
DA:195,0
DA:198,0
DA:202,0
DA:207,0
DA:210,0
DA:211,0
DA:212,0
DA:213,0
DA:214,0
DA:215,0
DA:216,0
DA:217,0
DA:218,0
DA:221,0
DA:224,0
DA:227,0
DA:230,0
DA:233,0
DA:236,0
DA:239,0
DA:240,0
DA:243,0
DA:246,0
DA:249,0
DA:253,0
DA:257,0
DA:260,0
DA:263,0
DA:266,0
DA:269,0
DA:272,0
DA:275,0
DA:278,0
DA:281,0
DA:284,0
DA:287,0
DA:290,0
DA:293,0
DA:294,0
DA:298,0
DA:301,0
DA:304,0
DA:307,0
DA:310,0
DA:313,0
DA:316,0
DA:320,0
DA:321,0
DA:322,0
DA:323,0
DA:324,0
DA:333,0
DA:338,0
DA:342,0
DA:346,0
DA:350,0
DA:356,0
DA:366,0
DA:374,0
DA:382,0
DA:390,0
DA:398,0
DA:404,0
DA:412,0
DA:416,0
DA:423,0
DA:438,0
DA:440,0
DA:455,0
DA:473,0
DA:475,0
DA:482,0
LF:145
LH:0
BRDA:29,0,0,0
BRDA:29,0,1,0
BRDA:36,1,0,0
BRDA:36,1,1,0
BRDA:63,2,0,0
BRDA:63,2,1,0
BRDA:63,3,0,0
BRDA:63,3,1,0
BRDA:65,4,0,0
BRDA:65,4,1,0
BRDA:65,5,0,0
BRDA:65,5,1,0
BRDA:69,6,0,0
BRDA:69,6,1,0
BRDA:81,7,0,0
BRDA:81,7,1,0
BRDA:107,8,0,0
BRDA:107,8,1,0
BRDA:107,9,0,0
BRDA:107,9,1,0
BRDA:107,9,2,0
BRDA:110,10,0,0
BRDA:110,10,1,0
BRDA:212,11,0,0
BRDA:212,11,1,0
BRDA:212,11,2,0
BRDA:212,11,3,0
BRDA:214,12,0,0
BRDA:214,12,1,0
BRDA:214,13,0,0
BRDA:214,13,1,0
BRDA:214,14,0,0
BRDA:214,14,1,0
BRDA:214,14,2,0
BRDA:214,15,0,0
BRDA:214,15,1,0
BRDA:214,16,0,0
BRDA:214,16,1,0
BRDA:214,17,0,0
BRDA:214,17,1,0
BRDA:214,18,0,0
BRDA:214,18,1,0
BRDA:215,19,0,0
BRDA:215,19,1,0
BRDA:215,20,0,0
BRDA:215,20,1,0
BRDA:215,20,2,0
BRDA:216,21,0,0
BRDA:216,21,1,0
BRDA:217,22,0,0
BRDA:217,22,1,0
BRDA:217,22,2,0
BRDA:324,23,0,0
BRDA:324,23,1,0
BRDA:333,24,0,0
BRDA:333,24,1,0
BRDA:341,25,0,0
BRDA:341,25,1,0
BRDA:341,26,0,0
BRDA:341,26,1,0
BRDA:353,27,0,0
BRDA:353,27,1,0
BRDA:359,28,0,0
BRDA:359,28,1,0
BRDA:359,29,0,0
BRDA:359,29,1,0
BRDA:359,30,0,0
BRDA:359,30,1,0
BRDA:361,31,0,0
BRDA:361,31,1,0
BRDA:369,32,0,0
BRDA:369,32,1,0
BRDA:369,33,0,0
BRDA:369,33,1,0
BRDA:377,34,0,0
BRDA:377,34,1,0
BRDA:377,35,0,0
BRDA:377,35,1,0
BRDA:385,36,0,0
BRDA:385,36,1,0
BRDA:385,37,0,0
BRDA:385,37,1,0
BRDA:393,38,0,0
BRDA:393,38,1,0
BRDA:393,39,0,0
BRDA:393,39,1,0
BRDA:401,40,0,0
BRDA:401,40,1,0
BRDA:401,41,0,0
BRDA:401,41,1,0
BRDA:406,42,0,0
BRDA:406,42,1,0
BRDA:409,43,0,0
BRDA:409,43,1,0
BRDA:412,44,0,0
BRDA:412,44,1,0
BRDA:429,45,0,0
BRDA:429,45,1,0
BRDA:433,46,0,0
BRDA:433,46,1,0
BRDA:446,47,0,0
BRDA:446,47,1,0
BRDA:448,48,0,0
BRDA:448,48,1,0
BRDA:454,49,0,0
BRDA:454,49,1,0
BRDA:463,50,0,0
BRDA:463,50,1,0
BRDA:478,51,0,0
BRDA:478,51,1,0
BRF:110
BRH:0
end_of_record
TN:
SF:src\views\common\ContractorEquipmentInfo.vue
FN:10,(anonymous_0)
FN:103,(anonymous_1)
FN:112,(anonymous_2)
FN:136,(anonymous_3)
FN:147,(anonymous_4)
FN:153,(anonymous_5)
FN:159,(anonymous_6)
FN:161,(anonymous_7)
FN:182,(anonymous_8)
FN:195,(anonymous_9)
FN:201,(anonymous_10)
FN:208,(anonymous_11)
FN:213,(anonymous_12)
FN:219,(anonymous_13)
FN:228,(anonymous_14)
FN:237,(anonymous_15)
FN:246,(anonymous_16)
FN:252,(anonymous_17)
FN:276,(anonymous_18)
FN:297,(anonymous_19)
FN:299,(anonymous_20)
FN:326,(anonymous_21)
FN:371,(anonymous_22)
FN:374,(anonymous_23)
FN:377,(anonymous_24)
FN:380,(anonymous_25)
FN:383,(anonymous_26)
FN:386,(anonymous_27)
FN:389,(anonymous_28)
FN:407,_toConsumableArray
FN:408,_nonIterableSpread
FN:409,_unsupportedIterableToArray
FN:410,_iterableToArray
FN:411,_arrayWithoutHoles
FN:412,_arrayLikeToArray
FN:446,render
FN:465,(anonymous_36)
FN:467,(anonymous_37)
FN:476,(anonymous_38)
FN:486,(anonymous_39)
FN:488,(anonymous_40)
FN:499,(anonymous_41)
FN:507,(anonymous_42)
FN:520,(anonymous_43)
FN:552,(anonymous_44)
FN:565,(anonymous_45)
FN:570,onClick
FN:574,(anonymous_47)
FN:576,(anonymous_48)
FN:587,onClick
FN:591,(anonymous_50)
FN:599,onClick
FN:603,(anonymous_52)
FN:605,(anonymous_53)
FN:620,(anonymous_54)
FN:624,(anonymous_55)
FN:634,(anonymous_56)
FN:640,(anonymous_57)
FN:642,(anonymous_58)
FN:646,(anonymous_59)
FN:654,(anonymous_60)
FN:660,(anonymous_61)
FN:666,(anonymous_62)
FN:670,(anonymous_63)
FN:673,(anonymous_64)
FN:683,(anonymous_65)
FN:686,(anonymous_66)
FN:696,(anonymous_67)
FN:699,(anonymous_68)
FN:709,(anonymous_69)
FN:712,(anonymous_70)
FN:722,(anonymous_71)
FN:725,(anonymous_72)
FN:736,(anonymous_73)
FN:739,(anonymous_74)
FN:747,(anonymous_75)
FN:768,(anonymous_76)
FN:774,(anonymous_77)
FN:776,(anonymous_78)
FN:780,(anonymous_79)
FN:788,(anonymous_80)
FN:794,(anonymous_81)
FN:800,(anonymous_82)
FN:806,(anonymous_83)
FN:808,(anonymous_84)
FN:812,(anonymous_85)
FN:820,(anonymous_86)
FN:826,(anonymous_87)
FN:833,(anonymous_88)
FN:838,(anonymous_89)
FN:841,(anonymous_90)
FN:852,(anonymous_91)
FN:855,(anonymous_92)
FN:866,(anonymous_93)
FN:869,(anonymous_94)
FN:877,(anonymous_95)
FN:878,(anonymous_96)
FN:894,(anonymous_97)
FN:897,(anonymous_98)
FN:914,(anonymous_99)
FN:920,(anonymous_100)
FN:922,(anonymous_101)
FN:926,(anonymous_102)
FN:932,(anonymous_103)
FN:937,(anonymous_104)
FN:941,(anonymous_105)
FN:948,(anonymous_106)
FN:956,(anonymous_107)
FN:964,(anonymous_108)
FNF:109
FNH:0
FNDA:0,(anonymous_0)
FNDA:0,(anonymous_1)
FNDA:0,(anonymous_2)
FNDA:0,(anonymous_3)
FNDA:0,(anonymous_4)
FNDA:0,(anonymous_5)
FNDA:0,(anonymous_6)
FNDA:0,(anonymous_7)
FNDA:0,(anonymous_8)
FNDA:0,(anonymous_9)
FNDA:0,(anonymous_10)
FNDA:0,(anonymous_11)
FNDA:0,(anonymous_12)
FNDA:0,(anonymous_13)
FNDA:0,(anonymous_14)
FNDA:0,(anonymous_15)
FNDA:0,(anonymous_16)
FNDA:0,(anonymous_17)
FNDA:0,(anonymous_18)
FNDA:0,(anonymous_19)
FNDA:0,(anonymous_20)
FNDA:0,(anonymous_21)
FNDA:0,(anonymous_22)
FNDA:0,(anonymous_23)
FNDA:0,(anonymous_24)
FNDA:0,(anonymous_25)
FNDA:0,(anonymous_26)
FNDA:0,(anonymous_27)
FNDA:0,(anonymous_28)
FNDA:0,_toConsumableArray
FNDA:0,_nonIterableSpread
FNDA:0,_unsupportedIterableToArray
FNDA:0,_iterableToArray
FNDA:0,_arrayWithoutHoles
FNDA:0,_arrayLikeToArray
FNDA:0,render
FNDA:0,(anonymous_36)
FNDA:0,(anonymous_37)
FNDA:0,(anonymous_38)
FNDA:0,(anonymous_39)
FNDA:0,(anonymous_40)
FNDA:0,(anonymous_41)
FNDA:0,(anonymous_42)
FNDA:0,(anonymous_43)
FNDA:0,(anonymous_44)
FNDA:0,(anonymous_45)
FNDA:0,onClick
FNDA:0,(anonymous_47)
FNDA:0,(anonymous_48)
FNDA:0,onClick
FNDA:0,(anonymous_50)
FNDA:0,onClick
FNDA:0,(anonymous_52)
FNDA:0,(anonymous_53)
FNDA:0,(anonymous_54)
FNDA:0,(anonymous_55)
FNDA:0,(anonymous_56)
FNDA:0,(anonymous_57)
FNDA:0,(anonymous_58)
FNDA:0,(anonymous_59)
FNDA:0,(anonymous_60)
FNDA:0,(anonymous_61)
FNDA:0,(anonymous_62)
FNDA:0,(anonymous_63)
FNDA:0,(anonymous_64)
FNDA:0,(anonymous_65)
FNDA:0,(anonymous_66)
FNDA:0,(anonymous_67)
FNDA:0,(anonymous_68)
FNDA:0,(anonymous_69)
FNDA:0,(anonymous_70)
FNDA:0,(anonymous_71)
FNDA:0,(anonymous_72)
FNDA:0,(anonymous_73)
FNDA:0,(anonymous_74)
FNDA:0,(anonymous_75)
FNDA:0,(anonymous_76)
FNDA:0,(anonymous_77)
FNDA:0,(anonymous_78)
FNDA:0,(anonymous_79)
FNDA:0,(anonymous_80)
FNDA:0,(anonymous_81)
FNDA:0,(anonymous_82)
FNDA:0,(anonymous_83)
FNDA:0,(anonymous_84)
FNDA:0,(anonymous_85)
FNDA:0,(anonymous_86)
FNDA:0,(anonymous_87)
FNDA:0,(anonymous_88)
FNDA:0,(anonymous_89)
FNDA:0,(anonymous_90)
FNDA:0,(anonymous_91)
FNDA:0,(anonymous_92)
FNDA:0,(anonymous_93)
FNDA:0,(anonymous_94)
FNDA:0,(anonymous_95)
FNDA:0,(anonymous_96)
FNDA:0,(anonymous_97)
FNDA:0,(anonymous_98)
FNDA:0,(anonymous_99)
FNDA:0,(anonymous_100)
FNDA:0,(anonymous_101)
FNDA:0,(anonymous_102)
FNDA:0,(anonymous_103)
FNDA:0,(anonymous_104)
FNDA:0,(anonymous_105)
FNDA:0,(anonymous_106)
FNDA:0,(anonymous_107)
FNDA:0,(anonymous_108)
DA:13,0
DA:14,0
DA:15,0
DA:18,0
DA:19,0
DA:20,0
DA:23,0
DA:24,0
DA:25,0
DA:26,0
DA:29,0
DA:37,0
DA:40,0
DA:49,0
DA:59,0
DA:62,0
DA:63,0
DA:66,0
DA:69,0
DA:77,0
DA:101,0
DA:102,0
DA:103,0
DA:104,0
DA:109,0
DA:112,0
DA:113,0
DA:114,0
DA:116,0
DA:117,0
DA:118,0
DA:119,0
DA:121,0
DA:123,0
DA:124,0
DA:125,0
DA:128,0
DA:129,0
DA:131,0
DA:136,0
DA:137,0
DA:138,0
DA:146,0
DA:147,0
DA:148,0
DA:153,0
DA:154,0
DA:155,0
DA:159,0
DA:160,0
DA:161,0
DA:162,0
DA:163,0
DA:164,0
DA:168,0
DA:169,0
DA:170,0
DA:171,0
DA:172,0
DA:174,0
DA:175,0
DA:182,0
DA:183,0
DA:184,0
DA:185,0
DA:186,0
DA:187,0
DA:189,0
DA:190,0
DA:195,0
DA:196,0
DA:197,0
DA:201,0
DA:202,0
DA:203,0
DA:204,0
DA:208,0
DA:209,0
DA:210,0
DA:211,0
DA:213,0
DA:214,0
DA:215,0
DA:219,0
DA:220,0
DA:224,0
DA:228,0
DA:229,0
DA:233,0
DA:237,0
DA:238,0
DA:239,0
DA:245,0
DA:246,0
DA:247,0
DA:252,0
DA:253,0
DA:254,0
DA:255,0
DA:256,0
DA:257,0
DA:258,0
DA:261,0
DA:262,0
DA:263,0
DA:266,0
DA:267,0
DA:270,0
DA:271,0
DA:276,0
DA:277,0
DA:278,0
DA:279,0
DA:280,0
DA:286,0
DA:288,0
DA:291,0
DA:292,0
DA:297,0
DA:298,0
DA:299,0
DA:300,0
DA:301,0
DA:302,0
DA:308,0
DA:310,0
DA:311,0
DA:312,0
DA:313,0
DA:315,0
DA:316,0
DA:317,0
DA:319,0
DA:326,0
DA:327,0
DA:329,0
DA:372,0
DA:375,0
DA:378,0
DA:381,0
DA:384,0
DA:387,0
DA:390,0
DA:393,0
DA:397,0
DA:402,0
DA:405,0
DA:406,0
DA:407,0
DA:408,0
DA:409,0
DA:410,0
DA:411,0
DA:412,0
DA:413,0
DA:416,0
DA:419,0
DA:422,0
DA:425,0
DA:428,0
DA:431,0
DA:434,0
DA:437,0
DA:440,0
DA:443,0
DA:447,0
DA:448,0
DA:449,0
DA:450,0
DA:451,0
DA:452,0
DA:453,0
DA:454,0
DA:455,0
DA:456,0
DA:457,0
DA:458,0
DA:459,0
DA:460,0
DA:461,0
DA:466,0
DA:468,0
DA:477,0
DA:487,0
DA:489,0
DA:500,0
DA:508,0
DA:521,0
DA:553,0
DA:566,0
DA:571,0
DA:575,0
DA:577,0
DA:588,0
DA:592,0
DA:600,0
DA:604,0
DA:606,0
DA:621,0
DA:625,0
DA:635,0
DA:641,0
DA:643,0
DA:647,0
DA:655,0
DA:661,0
DA:667,0
DA:671,0
DA:674,0
DA:684,0
DA:687,0
DA:697,0
DA:700,0
DA:710,0
DA:713,0
DA:723,0
DA:726,0
DA:737,0
DA:740,0
DA:748,0
DA:769,0
DA:775,0
DA:777,0
DA:781,0
DA:789,0
DA:795,0
DA:801,0
DA:807,0
DA:809,0
DA:813,0
DA:821,0
DA:827,0
DA:834,0
DA:839,0
DA:842,0
DA:853,0
DA:856,0
DA:867,0
DA:870,0
DA:878,0
DA:879,0
DA:895,0
DA:898,0
DA:915,0
DA:921,0
DA:923,0
DA:927,0
DA:933,0
DA:938,0
DA:942,0
DA:949,0
DA:957,0
DA:965,0
DA:975,0
LF:254
LH:0
BRDA:102,0,0,0
BRDA:102,0,1,0
BRDA:109,1,0,0
BRDA:109,1,1,0
BRDA:116,2,0,0
BRDA:116,2,1,0
BRDA:118,3,0,0
BRDA:118,3,1,0
BRDA:123,4,0,0
BRDA:123,4,1,0
BRDA:123,5,0,0
BRDA:123,5,1,0
BRDA:124,6,0,0
BRDA:124,6,1,0
BRDA:125,7,0,0
BRDA:125,7,1,0
BRDA:144,8,0,0
BRDA:144,8,1,0
BRDA:160,9,0,0
BRDA:160,9,1,0
BRDA:162,10,0,0
BRDA:162,10,1,0
BRDA:224,11,0,0
BRDA:224,11,1,0
BRDA:233,12,0,0
BRDA:233,12,1,0
BRDA:255,13,0,0
BRDA:255,13,1,0
BRDA:257,14,0,0
BRDA:257,14,1,0
BRDA:257,15,0,0
BRDA:257,15,1,0
BRDA:258,16,0,0
BRDA:258,16,1,0
BRDA:262,17,0,0
BRDA:262,17,1,0
BRDA:262,18,0,0
BRDA:262,18,1,0
BRDA:263,19,0,0
BRDA:263,19,1,0
BRDA:266,20,0,0
BRDA:266,20,1,0
BRDA:266,21,0,0
BRDA:266,21,1,0
BRDA:267,22,0,0
BRDA:267,22,1,0
BRDA:278,23,0,0
BRDA:278,23,1,0
BRDA:278,24,0,0
BRDA:278,24,1,0
BRDA:279,25,0,0
BRDA:279,25,1,0
BRDA:279,26,0,0
BRDA:279,26,1,0
BRDA:281,27,0,0
BRDA:281,27,1,0
BRDA:282,28,0,0
BRDA:282,28,1,0
BRDA:283,29,0,0
BRDA:283,29,1,0
BRDA:283,29,2,0
BRDA:284,30,0,0
BRDA:284,30,1,0
BRDA:288,31,0,0
BRDA:288,31,1,0
BRDA:298,32,0,0
BRDA:298,32,1,0
BRDA:300,33,0,0
BRDA:300,33,1,0
BRDA:310,34,0,0
BRDA:310,34,1,0
BRDA:407,35,0,0
BRDA:407,35,1,0
BRDA:407,35,2,0
BRDA:407,35,3,0
BRDA:409,36,0,0
BRDA:409,36,1,0
BRDA:409,37,0,0
BRDA:409,37,1,0
BRDA:409,38,0,0
BRDA:409,38,1,0
BRDA:409,38,2,0
BRDA:409,39,0,0
BRDA:409,39,1,0
BRDA:409,40,0,0
BRDA:409,40,1,0
BRDA:409,41,0,0
BRDA:409,41,1,0
BRDA:409,42,0,0
BRDA:409,42,1,0
BRDA:410,43,0,0
BRDA:410,43,1,0
BRDA:410,44,0,0
BRDA:410,44,1,0
BRDA:410,44,2,0
BRDA:411,45,0,0
BRDA:411,45,1,0
BRDA:412,46,0,0
BRDA:412,46,1,0
BRDA:412,46,2,0
BRDA:471,47,0,0
BRDA:471,47,1,0
BRDA:476,48,0,0
BRDA:476,48,1,0
BRDA:479,49,0,0
BRDA:479,49,1,0
BRDA:500,50,0,0
BRDA:500,50,1,0
BRDA:508,51,0,0
BRDA:508,51,1,0
BRDA:558,52,0,0
BRDA:558,52,1,0
BRDA:566,53,0,0
BRDA:566,53,1,0
BRDA:580,54,0,0
BRDA:580,54,1,0
BRDA:583,55,0,0
BRDA:583,55,1,0
BRDA:583,56,0,0
BRDA:583,56,1,0
BRDA:592,57,0,0
BRDA:592,57,1,0
BRDA:595,58,0,0
BRDA:595,58,1,0
BRDA:609,59,0,0
BRDA:609,59,1,0
BRDA:620,60,0,0
BRDA:620,60,1,0
BRDA:624,61,0,0
BRDA:624,61,1,0
BRDA:634,62,0,0
BRDA:634,62,1,0
BRDA:642,63,0,0
BRDA:642,63,1,0
BRDA:647,64,0,0
BRDA:647,64,1,0
BRDA:655,65,0,0
BRDA:655,65,1,0
BRDA:673,66,0,0
BRDA:673,66,1,0
BRDA:686,67,0,0
BRDA:686,67,1,0
BRDA:699,68,0,0
BRDA:699,68,1,0
BRDA:712,69,0,0
BRDA:712,69,1,0
BRDA:725,70,0,0
BRDA:725,70,1,0
BRDA:739,71,0,0
BRDA:739,71,1,0
BRDA:768,72,0,0
BRDA:768,72,1,0
BRDA:776,73,0,0
BRDA:776,73,1,0
BRDA:781,74,0,0
BRDA:781,74,1,0
BRDA:789,75,0,0
BRDA:789,75,1,0
BRDA:800,76,0,0
BRDA:800,76,1,0
BRDA:808,77,0,0
BRDA:808,77,1,0
BRDA:813,78,0,0
BRDA:813,78,1,0
BRDA:821,79,0,0
BRDA:821,79,1,0
BRDA:841,80,0,0
BRDA:841,80,1,0
BRDA:855,81,0,0
BRDA:855,81,1,0
BRDA:869,82,0,0
BRDA:869,82,1,0
BRDA:897,83,0,0
BRDA:897,83,1,0
BRDA:914,84,0,0
BRDA:914,84,1,0
BRDA:922,85,0,0
BRDA:922,85,1,0
BRDA:927,86,0,0
BRDA:927,86,1,0
BRF:180
BRH:0
end_of_record
TN:
SF:src\views\common\ContractorMaterialInfo.vue
FN:10,(anonymous_0)
FN:56,(anonymous_1)
FN:65,(anonymous_2)
FN:95,(anonymous_3)
FN:107,(anonymous_4)
FN:113,(anonymous_5)
FN:119,(anonymous_6)
FN:121,(anonymous_7)
FN:142,(anonymous_8)
FN:154,(anonymous_9)
FN:160,(anonymous_10)
FN:167,(anonymous_11)
FN:172,(anonymous_12)
FN:178,(anonymous_13)
FN:210,(anonymous_14)
FN:213,(anonymous_15)
FN:216,(anonymous_16)
FN:219,(anonymous_17)
FN:222,(anonymous_18)
FN:225,(anonymous_19)
FN:243,_toConsumableArray
FN:244,_nonIterableSpread
FN:245,_unsupportedIterableToArray
FN:246,_iterableToArray
FN:247,_arrayWithoutHoles
FN:248,_arrayLikeToArray
FN:287,render
FN:300,(anonymous_27)
FN:310,(anonymous_28)
FN:312,(anonymous_29)
FN:323,(anonymous_30)
FN:331,(anonymous_31)
FN:344,(anonymous_32)
FN:376,(anonymous_33)
FN:391,(anonymous_34)
FN:395,onClick
FN:399,(anonymous_36)
FN:401,(anonymous_37)
FN:412,onClick
FN:416,(anonymous_39)
FN:418,(anonymous_40)
FN:433,(anonymous_41)
FN:437,(anonymous_42)
FN:447,(anonymous_43)
FN:453,(anonymous_44)
FN:455,(anonymous_45)
FN:459,(anonymous_46)
FN:467,(anonymous_47)
FN:473,(anonymous_48)
FN:480,(anonymous_49)
FN:484,(anonymous_50)
FN:487,(anonymous_51)
FN:497,(anonymous_52)
FN:500,(anonymous_53)
FN:510,(anonymous_54)
FN:513,(anonymous_55)
FN:523,(anonymous_56)
FN:526,(anonymous_57)
FN:536,(anonymous_58)
FN:539,(anonymous_59)
FN:550,(anonymous_60)
FN:555,(anonymous_61)
FN:567,(anonymous_62)
FN:572,(anonymous_63)
FN:587,(anonymous_64)
FN:593,(anonymous_65)
FN:595,(anonymous_66)
FN:599,(anonymous_67)
FN:607,(anonymous_68)
FN:613,(anonymous_69)
FNF:70
FNH:0
FNDA:0,(anonymous_0)
FNDA:0,(anonymous_1)
FNDA:0,(anonymous_2)
FNDA:0,(anonymous_3)
FNDA:0,(anonymous_4)
FNDA:0,(anonymous_5)
FNDA:0,(anonymous_6)
FNDA:0,(anonymous_7)
FNDA:0,(anonymous_8)
FNDA:0,(anonymous_9)
FNDA:0,(anonymous_10)
FNDA:0,(anonymous_11)
FNDA:0,(anonymous_12)
FNDA:0,(anonymous_13)
FNDA:0,(anonymous_14)
FNDA:0,(anonymous_15)
FNDA:0,(anonymous_16)
FNDA:0,(anonymous_17)
FNDA:0,(anonymous_18)
FNDA:0,(anonymous_19)
FNDA:0,_toConsumableArray
FNDA:0,_nonIterableSpread
FNDA:0,_unsupportedIterableToArray
FNDA:0,_iterableToArray
FNDA:0,_arrayWithoutHoles
FNDA:0,_arrayLikeToArray
FNDA:0,render
FNDA:0,(anonymous_27)
FNDA:0,(anonymous_28)
FNDA:0,(anonymous_29)
FNDA:0,(anonymous_30)
FNDA:0,(anonymous_31)
FNDA:0,(anonymous_32)
FNDA:0,(anonymous_33)
FNDA:0,(anonymous_34)
FNDA:0,onClick
FNDA:0,(anonymous_36)
FNDA:0,(anonymous_37)
FNDA:0,onClick
FNDA:0,(anonymous_39)
FNDA:0,(anonymous_40)
FNDA:0,(anonymous_41)
FNDA:0,(anonymous_42)
FNDA:0,(anonymous_43)
FNDA:0,(anonymous_44)
FNDA:0,(anonymous_45)
FNDA:0,(anonymous_46)
FNDA:0,(anonymous_47)
FNDA:0,(anonymous_48)
FNDA:0,(anonymous_49)
FNDA:0,(anonymous_50)
FNDA:0,(anonymous_51)
FNDA:0,(anonymous_52)
FNDA:0,(anonymous_53)
FNDA:0,(anonymous_54)
FNDA:0,(anonymous_55)
FNDA:0,(anonymous_56)
FNDA:0,(anonymous_57)
FNDA:0,(anonymous_58)
FNDA:0,(anonymous_59)
FNDA:0,(anonymous_60)
FNDA:0,(anonymous_61)
FNDA:0,(anonymous_62)
FNDA:0,(anonymous_63)
FNDA:0,(anonymous_64)
FNDA:0,(anonymous_65)
FNDA:0,(anonymous_66)
FNDA:0,(anonymous_67)
FNDA:0,(anonymous_68)
FNDA:0,(anonymous_69)
DA:13,0
DA:14,0
DA:15,0
DA:18,0
DA:19,0
DA:20,0
DA:23,0
DA:24,0
DA:25,0
DA:28,0
DA:31,0
DA:40,0
DA:51,0
DA:54,0
DA:55,0
DA:56,0
DA:57,0
DA:62,0
DA:65,0
DA:66,0
DA:67,0
DA:69,0
DA:70,0
DA:72,0
DA:73,0
DA:75,0
DA:78,0
DA:79,0
DA:80,0
DA:82,0
DA:83,0
DA:84,0
DA:85,0
DA:88,0
DA:90,0
DA:95,0
DA:96,0
DA:97,0
DA:106,0
DA:107,0
DA:108,0
DA:113,0
DA:114,0
DA:115,0
DA:119,0
DA:120,0
DA:121,0
DA:122,0
DA:123,0
DA:124,0
DA:129,0
DA:130,0
DA:131,0
DA:132,0
DA:134,0
DA:135,0
DA:142,0
DA:143,0
DA:144,0
DA:145,0
DA:146,0
DA:147,0
DA:149,0
DA:154,0
DA:155,0
DA:156,0
DA:160,0
DA:161,0
DA:162,0
DA:163,0
DA:167,0
DA:168,0
DA:169,0
DA:170,0
DA:172,0
DA:173,0
DA:174,0
DA:178,0
DA:179,0
DA:181,0
DA:211,0
DA:214,0
DA:217,0
DA:220,0
DA:223,0
DA:226,0
DA:229,0
DA:233,0
DA:238,0
DA:241,0
DA:242,0
DA:243,0
DA:244,0
DA:245,0
DA:246,0
DA:247,0
DA:248,0
DA:249,0
DA:252,0
DA:255,0
DA:258,0
DA:261,0
DA:268,0
DA:275,0
DA:278,0
DA:281,0
DA:284,0
DA:288,0
DA:289,0
DA:290,0
DA:291,0
DA:292,0
DA:293,0
DA:294,0
DA:295,0
DA:296,0
DA:297,0
DA:298,0
DA:301,0
DA:311,0
DA:313,0
DA:324,0
DA:332,0
DA:345,0
DA:377,0
DA:392,0
DA:396,0
DA:400,0
DA:402,0
DA:413,0
DA:417,0
DA:419,0
DA:434,0
DA:438,0
DA:448,0
DA:454,0
DA:456,0
DA:460,0
DA:468,0
DA:474,0
DA:481,0
DA:485,0
DA:488,0
DA:498,0
DA:501,0
DA:511,0
DA:514,0
DA:524,0
DA:527,0
DA:537,0
DA:540,0
DA:551,0
DA:556,0
DA:568,0
DA:573,0
DA:588,0
DA:594,0
DA:596,0
DA:600,0
DA:608,0
DA:614,0
DA:618,0
LF:162
LH:0
BRDA:55,0,0,0
BRDA:55,0,1,0
BRDA:62,1,0,0
BRDA:62,1,1,0
BRDA:69,2,0,0
BRDA:69,2,1,0
BRDA:72,3,0,0
BRDA:72,3,1,0
BRDA:78,4,0,0
BRDA:78,4,1,0
BRDA:78,5,0,0
BRDA:78,5,1,0
BRDA:79,6,0,0
BRDA:79,6,1,0
BRDA:80,7,0,0
BRDA:80,7,1,0
BRDA:82,8,0,0
BRDA:82,8,1,0
BRDA:82,9,0,0
BRDA:82,9,1,0
BRDA:85,10,0,0
BRDA:85,10,1,0
BRDA:103,11,0,0
BRDA:103,11,1,0
BRDA:104,12,0,0
BRDA:104,12,1,0
BRDA:120,13,0,0
BRDA:120,13,1,0
BRDA:122,14,0,0
BRDA:122,14,1,0
BRDA:243,15,0,0
BRDA:243,15,1,0
BRDA:243,15,2,0
BRDA:243,15,3,0
BRDA:245,16,0,0
BRDA:245,16,1,0
BRDA:245,17,0,0
BRDA:245,17,1,0
BRDA:245,18,0,0
BRDA:245,18,1,0
BRDA:245,18,2,0
BRDA:245,19,0,0
BRDA:245,19,1,0
BRDA:245,20,0,0
BRDA:245,20,1,0
BRDA:245,21,0,0
BRDA:245,21,1,0
BRDA:245,22,0,0
BRDA:245,22,1,0
BRDA:246,23,0,0
BRDA:246,23,1,0
BRDA:246,24,0,0
BRDA:246,24,1,0
BRDA:246,24,2,0
BRDA:247,25,0,0
BRDA:247,25,1,0
BRDA:248,26,0,0
BRDA:248,26,1,0
BRDA:248,26,2,0
BRDA:300,27,0,0
BRDA:300,27,1,0
BRDA:303,28,0,0
BRDA:303,28,1,0
BRDA:324,29,0,0
BRDA:324,29,1,0
BRDA:332,30,0,0
BRDA:332,30,1,0
BRDA:377,31,0,0
BRDA:377,31,1,0
BRDA:377,32,0,0
BRDA:377,32,1,0
BRDA:377,33,0,0
BRDA:377,33,1,0
BRDA:405,34,0,0
BRDA:405,34,1,0
BRDA:408,35,0,0
BRDA:408,35,1,0
BRDA:422,36,0,0
BRDA:422,36,1,0
BRDA:433,37,0,0
BRDA:433,37,1,0
BRDA:437,38,0,0
BRDA:437,38,1,0
BRDA:447,39,0,0
BRDA:447,39,1,0
BRDA:455,40,0,0
BRDA:455,40,1,0
BRDA:460,41,0,0
BRDA:460,41,1,0
BRDA:468,42,0,0
BRDA:468,42,1,0
BRDA:487,43,0,0
BRDA:487,43,1,0
BRDA:500,44,0,0
BRDA:500,44,1,0
BRDA:513,45,0,0
BRDA:513,45,1,0
BRDA:526,46,0,0
BRDA:526,46,1,0
BRDA:539,47,0,0
BRDA:539,47,1,0
BRDA:555,48,0,0
BRDA:555,48,1,0
BRDA:572,49,0,0
BRDA:572,49,1,0
BRDA:587,50,0,0
BRDA:587,50,1,0
BRDA:595,51,0,0
BRDA:595,51,1,0
BRDA:600,52,0,0
BRDA:600,52,1,0
BRDA:608,53,0,0
BRDA:608,53,1,0
BRF:113
BRH:0
end_of_record
TN:
SF:src\views\common\CropInfo.vue
FN:7,(anonymous_0)
FN:12,(anonymous_1)
FN:22,(anonymous_2)
FN:100,(anonymous_3)
FN:105,(anonymous_4)
FN:126,(anonymous_5)
FN:140,(anonymous_6)
FN:146,(anonymous_7)
FN:153,(anonymous_8)
FN:159,(anonymous_9)
FN:165,(anonymous_10)
FN:168,(anonymous_11)
FN:208,(anonymous_12)
FN:229,(anonymous_13)
FN:236,(anonymous_14)
FN:243,(anonymous_15)
FN:248,(anonymous_16)
FN:254,(anonymous_17)
FN:290,(anonymous_18)
FN:293,(anonymous_19)
FN:296,(anonymous_20)
FN:299,(anonymous_21)
FN:302,(anonymous_22)
FN:305,(anonymous_23)
FN:323,_toConsumableArray
FN:324,_nonIterableSpread
FN:325,_unsupportedIterableToArray
FN:326,_iterableToArray
FN:327,_arrayWithoutHoles
FN:328,_arrayLikeToArray
FN:350,render
FN:365,(anonymous_31)
FN:367,(anonymous_32)
FN:376,(anonymous_33)
FN:386,(anonymous_34)
FN:388,(anonymous_35)
FN:399,(anonymous_36)
FN:407,(anonymous_37)
FN:420,(anonymous_38)
FN:461,(anonymous_39)
FN:471,(anonymous_40)
FN:475,onClick
FN:479,(anonymous_42)
FN:481,(anonymous_43)
FN:491,onClick
FN:495,(anonymous_45)
FN:497,(anonymous_46)
FN:512,(anonymous_47)
FN:516,(anonymous_48)
FN:527,(anonymous_49)
FN:533,(anonymous_50)
FN:535,(anonymous_51)
FN:539,(anonymous_52)
FN:547,(anonymous_53)
FN:553,(anonymous_54)
FN:560,(anonymous_55)
FN:565,(anonymous_56)
FN:568,(anonymous_57)
FN:579,(anonymous_58)
FN:582,(anonymous_59)
FN:593,(anonymous_60)
FN:596,(anonymous_61)
FN:607,(anonymous_62)
FN:610,(anonymous_63)
FN:622,(anonymous_64)
FN:625,(anonymous_65)
FN:636,(anonymous_66)
FN:639,(anonymous_67)
FN:649,(anonymous_68)
FN:652,(anonymous_69)
FN:668,(anonymous_70)
FN:674,(anonymous_71)
FN:676,(anonymous_72)
FN:680,(anonymous_73)
FN:688,(anonymous_74)
FN:694,(anonymous_75)
FNF:76
FNH:0
FNDA:0,(anonymous_0)
FNDA:0,(anonymous_1)
FNDA:0,(anonymous_2)
FNDA:0,(anonymous_3)
FNDA:0,(anonymous_4)
FNDA:0,(anonymous_5)
FNDA:0,(anonymous_6)
FNDA:0,(anonymous_7)
FNDA:0,(anonymous_8)
FNDA:0,(anonymous_9)
FNDA:0,(anonymous_10)
FNDA:0,(anonymous_11)
FNDA:0,(anonymous_12)
FNDA:0,(anonymous_13)
FNDA:0,(anonymous_14)
FNDA:0,(anonymous_15)
FNDA:0,(anonymous_16)
FNDA:0,(anonymous_17)
FNDA:0,(anonymous_18)
FNDA:0,(anonymous_19)
FNDA:0,(anonymous_20)
FNDA:0,(anonymous_21)
FNDA:0,(anonymous_22)
FNDA:0,(anonymous_23)
FNDA:0,_toConsumableArray
FNDA:0,_nonIterableSpread
FNDA:0,_unsupportedIterableToArray
FNDA:0,_iterableToArray
FNDA:0,_arrayWithoutHoles
FNDA:0,_arrayLikeToArray
FNDA:0,render
FNDA:0,(anonymous_31)
FNDA:0,(anonymous_32)
FNDA:0,(anonymous_33)
FNDA:0,(anonymous_34)
FNDA:0,(anonymous_35)
FNDA:0,(anonymous_36)
FNDA:0,(anonymous_37)
FNDA:0,(anonymous_38)
FNDA:0,(anonymous_39)
FNDA:0,(anonymous_40)
FNDA:0,onClick
FNDA:0,(anonymous_42)
FNDA:0,(anonymous_43)
FNDA:0,onClick
FNDA:0,(anonymous_45)
FNDA:0,(anonymous_46)
FNDA:0,(anonymous_47)
FNDA:0,(anonymous_48)
FNDA:0,(anonymous_49)
FNDA:0,(anonymous_50)
FNDA:0,(anonymous_51)
FNDA:0,(anonymous_52)
FNDA:0,(anonymous_53)
FNDA:0,(anonymous_54)
FNDA:0,(anonymous_55)
FNDA:0,(anonymous_56)
FNDA:0,(anonymous_57)
FNDA:0,(anonymous_58)
FNDA:0,(anonymous_59)
FNDA:0,(anonymous_60)
FNDA:0,(anonymous_61)
FNDA:0,(anonymous_62)
FNDA:0,(anonymous_63)
FNDA:0,(anonymous_64)
FNDA:0,(anonymous_65)
FNDA:0,(anonymous_66)
FNDA:0,(anonymous_67)
FNDA:0,(anonymous_68)
FNDA:0,(anonymous_69)
FNDA:0,(anonymous_70)
FNDA:0,(anonymous_71)
FNDA:0,(anonymous_72)
FNDA:0,(anonymous_73)
FNDA:0,(anonymous_74)
FNDA:0,(anonymous_75)
DA:10,0
DA:11,0
DA:12,0
DA:13,0
DA:18,0
DA:22,0
DA:23,0
DA:24,0
DA:25,0
DA:36,0
DA:37,0
DA:40,0
DA:41,0
DA:42,0
DA:45,0
DA:46,0
DA:47,0
DA:50,0
DA:53,0
DA:82,0
DA:94,0
DA:97,0
DA:100,0
DA:101,0
DA:105,0
DA:106,0
DA:107,0
DA:109,0
DA:110,0
DA:112,0
DA:114,0
DA:115,0
DA:116,0
DA:119,0
DA:121,0
DA:126,0
DA:127,0
DA:128,0
DA:138,0
DA:140,0
DA:141,0
DA:146,0
DA:147,0
DA:148,0
DA:151,0
DA:153,0
DA:154,0
DA:159,0
DA:160,0
DA:161,0
DA:165,0
DA:167,0
DA:168,0
DA:169,0
DA:170,0
DA:171,0
DA:174,0
DA:176,0
DA:177,0
DA:184,0
DA:185,0
DA:186,0
DA:187,0
DA:194,0
DA:195,0
DA:197,0
DA:198,0
DA:208,0
DA:209,0
DA:211,0
DA:213,0
DA:214,0
DA:215,0
DA:220,0
DA:221,0
DA:229,0
DA:230,0
DA:231,0
DA:232,0
DA:236,0
DA:237,0
DA:238,0
DA:239,0
DA:243,0
DA:244,0
DA:245,0
DA:246,0
DA:248,0
DA:249,0
DA:250,0
DA:254,0
DA:255,0
DA:256,0
DA:258,0
DA:291,0
DA:294,0
DA:297,0
DA:300,0
DA:303,0
DA:306,0
DA:309,0
DA:313,0
DA:318,0
DA:321,0
DA:322,0
DA:323,0
DA:324,0
DA:325,0
DA:326,0
DA:327,0
DA:328,0
DA:329,0
DA:332,0
DA:335,0
DA:338,0
DA:341,0
DA:344,0
DA:347,0
DA:351,0
DA:352,0
DA:353,0
DA:354,0
DA:355,0
DA:356,0
DA:357,0
DA:358,0
DA:359,0
DA:360,0
DA:361,0
DA:366,0
DA:368,0
DA:377,0
DA:387,0
DA:389,0
DA:400,0
DA:408,0
DA:421,0
DA:462,0
DA:472,0
DA:476,0
DA:480,0
DA:482,0
DA:492,0
DA:496,0
DA:498,0
DA:513,0
DA:517,0
DA:528,0
DA:534,0
DA:536,0
DA:540,0
DA:548,0
DA:554,0
DA:561,0
DA:566,0
DA:569,0
DA:580,0
DA:583,0
DA:594,0
DA:597,0
DA:608,0
DA:611,0
DA:623,0
DA:626,0
DA:637,0
DA:640,0
DA:650,0
DA:653,0
DA:669,0
DA:675,0
DA:677,0
DA:681,0
DA:689,0
DA:695,0
DA:699,0
LF:175
LH:0
BRDA:11,0,0,0
BRDA:11,0,1,0
BRDA:18,1,0,0
BRDA:18,1,1,0
BRDA:23,2,0,0
BRDA:23,2,1,0
BRDA:109,3,0,0
BRDA:109,3,1,0
BRDA:114,4,0,0
BRDA:114,4,1,0
BRDA:114,5,0,0
BRDA:114,5,1,0
BRDA:115,6,0,0
BRDA:115,6,1,0
BRDA:116,7,0,0
BRDA:116,7,1,0
BRDA:167,8,0,0
BRDA:167,8,1,0
BRDA:169,9,0,0
BRDA:169,9,1,0
BRDA:174,10,0,0
BRDA:174,10,1,0
BRDA:323,11,0,0
BRDA:323,11,1,0
BRDA:323,11,2,0
BRDA:323,11,3,0
BRDA:325,12,0,0
BRDA:325,12,1,0
BRDA:325,13,0,0
BRDA:325,13,1,0
BRDA:325,14,0,0
BRDA:325,14,1,0
BRDA:325,14,2,0
BRDA:325,15,0,0
BRDA:325,15,1,0
BRDA:325,16,0,0
BRDA:325,16,1,0
BRDA:325,17,0,0
BRDA:325,17,1,0
BRDA:325,18,0,0
BRDA:325,18,1,0
BRDA:326,19,0,0
BRDA:326,19,1,0
BRDA:326,20,0,0
BRDA:326,20,1,0
BRDA:326,20,2,0
BRDA:327,21,0,0
BRDA:327,21,1,0
BRDA:328,22,0,0
BRDA:328,22,1,0
BRDA:328,22,2,0
BRDA:371,23,0,0
BRDA:371,23,1,0
BRDA:376,24,0,0
BRDA:376,24,1,0
BRDA:400,25,0,0
BRDA:400,25,1,0
BRDA:408,26,0,0
BRDA:408,26,1,0
BRDA:485,27,0,0
BRDA:485,27,1,0
BRDA:501,28,0,0
BRDA:501,28,1,0
BRDA:512,29,0,0
BRDA:512,29,1,0
BRDA:516,30,0,0
BRDA:516,30,1,0
BRDA:527,31,0,0
BRDA:527,31,1,0
BRDA:535,32,0,0
BRDA:535,32,1,0
BRDA:540,33,0,0
BRDA:540,33,1,0
BRDA:548,34,0,0
BRDA:548,34,1,0
BRDA:561,35,0,0
BRDA:561,35,1,0
BRDA:568,36,0,0
BRDA:568,36,1,0
BRDA:582,37,0,0
BRDA:582,37,1,0
BRDA:596,38,0,0
BRDA:596,38,1,0
BRDA:610,39,0,0
BRDA:610,39,1,0
BRDA:625,40,0,0
BRDA:625,40,1,0
BRDA:639,41,0,0
BRDA:639,41,1,0
BRDA:652,42,0,0
BRDA:652,42,1,0
BRDA:668,43,0,0
BRDA:668,43,1,0
BRDA:676,44,0,0
BRDA:676,44,1,0
BRDA:681,45,0,0
BRDA:681,45,1,0
BRDA:689,46,0,0
BRDA:689,46,1,0
BRF:99
BRH:0
end_of_record
TN:
SF:src\views\common\CropMonitor.vue
FN:7,(anonymous_0)
FN:23,(anonymous_1)
FN:43,(anonymous_2)
FN:57,(anonymous_3)
FN:60,(anonymous_4)
FN:74,(anonymous_5)
FN:90,(anonymous_6)
FN:97,(anonymous_7)
FN:139,(anonymous_8)
FN:181,(anonymous_9)
FN:223,(anonymous_10)
FN:282,(anonymous_11)
FN:288,(anonymous_12)
FN:292,(anonymous_13)
FN:308,(anonymous_14)
FN:311,(anonymous_15)
FN:314,(anonymous_16)
FN:317,(anonymous_17)
FN:320,(anonymous_18)
FN:323,(anonymous_19)
FN:326,(anonymous_20)
FN:329,(anonymous_21)
FN:347,(anonymous_22)
FN:350,(anonymous_23)
FN:353,(anonymous_24)
FN:414,render
FN:422,(anonymous_26)
FN:431,(anonymous_27)
FN:432,(anonymous_28)
FNF:29
FNH:0
FNDA:0,(anonymous_0)
FNDA:0,(anonymous_1)
FNDA:0,(anonymous_2)
FNDA:0,(anonymous_3)
FNDA:0,(anonymous_4)
FNDA:0,(anonymous_5)
FNDA:0,(anonymous_6)
FNDA:0,(anonymous_7)
FNDA:0,(anonymous_8)
FNDA:0,(anonymous_9)
FNDA:0,(anonymous_10)
FNDA:0,(anonymous_11)
FNDA:0,(anonymous_12)
FNDA:0,(anonymous_13)
FNDA:0,(anonymous_14)
FNDA:0,(anonymous_15)
FNDA:0,(anonymous_16)
FNDA:0,(anonymous_17)
FNDA:0,(anonymous_18)
FNDA:0,(anonymous_19)
FNDA:0,(anonymous_20)
FNDA:0,(anonymous_21)
FNDA:0,(anonymous_22)
FNDA:0,(anonymous_23)
FNDA:0,(anonymous_24)
FNDA:0,render
FNDA:0,(anonymous_26)
FNDA:0,(anonymous_27)
FNDA:0,(anonymous_28)
DA:10,0
DA:11,0
DA:12,0
DA:13,0
DA:14,0
DA:15,0
DA:16,0
DA:17,0
DA:18,0
DA:19,0
DA:20,0
DA:21,0
DA:22,0
DA:23,0
DA:24,0
DA:26,0
DA:27,0
DA:29,0
DA:31,0
DA:32,0
DA:33,0
DA:34,0
DA:35,0
DA:39,0
DA:40,0
DA:43,0
DA:44,0
DA:45,0
DA:46,0
DA:47,0
DA:48,0
DA:49,0
DA:51,0
DA:52,0
DA:54,0
DA:57,0
DA:58,0
DA:60,0
DA:61,0
DA:62,0
DA:64,0
DA:65,0
DA:67,0
DA:68,0
DA:70,0
DA:71,0
DA:74,0
DA:75,0
DA:76,0
DA:77,0
DA:78,0
DA:79,0
DA:81,0
DA:82,0
DA:83,0
DA:84,0
DA:85,0
DA:86,0
DA:87,0
DA:88,0
DA:90,0
DA:91,0
DA:92,0
DA:93,0
DA:95,0
DA:97,0
DA:98,0
DA:99,0
DA:137,0
DA:139,0
DA:140,0
DA:141,0
DA:179,0
DA:181,0
DA:182,0
DA:183,0
DA:221,0
DA:223,0
DA:224,0
DA:225,0
DA:280,0
DA:282,0
DA:283,0
DA:284,0
DA:285,0
DA:286,0
DA:288,0
DA:289,0
DA:290,0
DA:292,0
DA:293,0
DA:294,0
DA:295,0
DA:296,0
DA:297,0
DA:299,0
DA:309,0
DA:312,0
DA:315,0
DA:318,0
DA:321,0
DA:324,0
DA:327,0
DA:330,0
DA:348,0
DA:351,0
DA:354,0
DA:357,0
DA:361,0
DA:366,0
DA:369,0
DA:370,0
DA:371,0
DA:374,0
DA:377,0
DA:380,0
DA:383,0
DA:386,0
DA:390,0
DA:393,0
DA:397,0
DA:400,0
DA:403,0
DA:407,0
DA:410,0
DA:415,0
DA:416,0
DA:417,0
DA:418,0
DA:423,0
DA:432,0
DA:433,0
DA:442,0
LF:133
LH:0
BRDA:14,0,0,0
BRDA:14,0,1,0
BRDA:26,1,0,0
BRDA:26,1,1,0
BRDA:31,2,0,0
BRDA:31,2,1,0
BRDA:31,3,0,0
BRDA:31,3,1,0
BRDA:32,4,0,0
BRDA:32,4,1,0
BRDA:33,5,0,0
BRDA:33,5,1,0
BRDA:44,6,0,0
BRDA:44,6,1,0
BRDA:61,7,0,0
BRDA:61,7,1,0
BRDA:64,8,0,0
BRDA:64,8,1,0
BRDA:67,9,0,0
BRDA:67,9,1,0
BRDA:70,10,0,0
BRDA:70,10,1,0
BRDA:98,11,0,0
BRDA:98,11,1,0
BRDA:140,12,0,0
BRDA:140,12,1,0
BRDA:182,13,0,0
BRDA:182,13,1,0
BRDA:224,14,0,0
BRDA:224,14,1,0
BRDA:418,15,0,0
BRDA:418,15,1,0
BRDA:422,16,0,0
BRDA:422,16,1,0
BRDA:441,17,0,0
BRDA:441,17,1,0
BRDA:441,18,0,0
BRDA:441,18,1,0
BRDA:441,19,0,0
BRDA:441,19,1,0
BRDA:441,20,0,0
BRDA:441,20,1,0
BRF:42
BRH:0
end_of_record
TN:
SF:src\views\common\EquipmentApproval.vue
FN:7,(anonymous_0)
FN:15,(anonymous_1)
FN:72,(anonymous_2)
FN:82,(anonymous_3)
FN:92,(anonymous_4)
FN:98,(anonymous_5)
FN:114,(anonymous_6)
FN:125,(anonymous_7)
FN:137,(anonymous_8)
FN:143,(anonymous_9)
FN:150,(anonymous_10)
FN:154,(anonymous_11)
FN:160,(anonymous_12)
FN:182,(anonymous_13)
FN:204,(anonymous_14)
FN:215,(anonymous_15)
FN:221,(anonymous_16)
FN:245,(anonymous_17)
FN:262,(anonymous_18)
FN:272,(anonymous_19)
FN:274,(anonymous_20)
FN:277,(anonymous_21)
FN:313,(anonymous_22)
FN:335,(anonymous_23)
FN:357,(anonymous_24)
FN:359,(anonymous_25)
FN:362,(anonymous_26)
FN:394,(anonymous_27)
FN:437,(anonymous_28)
FN:440,(anonymous_29)
FN:443,(anonymous_30)
FN:446,(anonymous_31)
FN:449,(anonymous_32)
FN:467,_toConsumableArray
FN:468,_nonIterableSpread
FN:469,_unsupportedIterableToArray
FN:470,_iterableToArray
FN:471,_arrayWithoutHoles
FN:472,_arrayLikeToArray
FN:494,render
FN:513,(anonymous_40)
FN:515,(anonymous_41)
FN:524,(anonymous_42)
FN:534,(anonymous_43)
FN:536,(anonymous_44)
FN:547,(anonymous_45)
FN:555,(anonymous_46)
FN:568,(anonymous_47)
FN:594,(anonymous_48)
FN:604,(anonymous_49)
FN:610,(anonymous_50)
FN:623,(anonymous_51)
FN:629,onClick
FN:633,(anonymous_53)
FN:642,onClick
FN:646,(anonymous_55)
FN:657,(anonymous_56)
FN:666,onClick
FN:670,(anonymous_58)
FN:679,onClick
FN:683,(anonymous_60)
FN:692,onClick
FN:696,(anonymous_62)
FN:708,(anonymous_63)
FN:712,(anonymous_64)
FN:722,(anonymous_65)
FN:728,(anonymous_66)
FN:730,(anonymous_67)
FN:734,(anonymous_68)
FN:742,(anonymous_69)
FN:748,(anonymous_70)
FN:755,(anonymous_71)
FN:760,(anonymous_72)
FN:763,(anonymous_73)
FN:772,(anonymous_74)
FN:773,(anonymous_75)
FN:788,(anonymous_76)
FN:791,(anonymous_77)
FN:803,(anonymous_78)
FN:806,(anonymous_79)
FN:817,(anonymous_80)
FN:820,(anonymous_81)
FN:834,(anonymous_82)
FN:837,(anonymous_83)
FN:853,(anonymous_84)
FN:859,(anonymous_85)
FN:861,(anonymous_86)
FN:865,(anonymous_87)
FN:873,(anonymous_88)
FN:879,(anonymous_89)
FN:886,(anonymous_90)
FN:890,(anonymous_91)
FN:893,(anonymous_92)
FN:904,(anonymous_93)
FN:908,(anonymous_94)
FN:917,(anonymous_95)
FN:918,(anonymous_96)
FN:933,(anonymous_97)
FN:936,(anonymous_98)
FN:948,(anonymous_99)
FN:952,(anonymous_100)
FN:963,(anonymous_101)
FN:967,(anonymous_102)
FN:978,(anonymous_103)
FN:981,(anonymous_104)
FN:996,(anonymous_105)
FN:999,(anonymous_106)
FN:1007,(anonymous_107)
FNF:108
FNH:0
FNDA:0,(anonymous_0)
FNDA:0,(anonymous_1)
FNDA:0,(anonymous_2)
FNDA:0,(anonymous_3)
FNDA:0,(anonymous_4)
FNDA:0,(anonymous_5)
FNDA:0,(anonymous_6)
FNDA:0,(anonymous_7)
FNDA:0,(anonymous_8)
FNDA:0,(anonymous_9)
FNDA:0,(anonymous_10)
FNDA:0,(anonymous_11)
FNDA:0,(anonymous_12)
FNDA:0,(anonymous_13)
FNDA:0,(anonymous_14)
FNDA:0,(anonymous_15)
FNDA:0,(anonymous_16)
FNDA:0,(anonymous_17)
FNDA:0,(anonymous_18)
FNDA:0,(anonymous_19)
FNDA:0,(anonymous_20)
FNDA:0,(anonymous_21)
FNDA:0,(anonymous_22)
FNDA:0,(anonymous_23)
FNDA:0,(anonymous_24)
FNDA:0,(anonymous_25)
FNDA:0,(anonymous_26)
FNDA:0,(anonymous_27)
FNDA:0,(anonymous_28)
FNDA:0,(anonymous_29)
FNDA:0,(anonymous_30)
FNDA:0,(anonymous_31)
FNDA:0,(anonymous_32)
FNDA:0,_toConsumableArray
FNDA:0,_nonIterableSpread
FNDA:0,_unsupportedIterableToArray
FNDA:0,_iterableToArray
FNDA:0,_arrayWithoutHoles
FNDA:0,_arrayLikeToArray
FNDA:0,render
FNDA:0,(anonymous_40)
FNDA:0,(anonymous_41)
FNDA:0,(anonymous_42)
FNDA:0,(anonymous_43)
FNDA:0,(anonymous_44)
FNDA:0,(anonymous_45)
FNDA:0,(anonymous_46)
FNDA:0,(anonymous_47)
FNDA:0,(anonymous_48)
FNDA:0,(anonymous_49)
FNDA:0,(anonymous_50)
FNDA:0,(anonymous_51)
FNDA:0,onClick
FNDA:0,(anonymous_53)
FNDA:0,onClick
FNDA:0,(anonymous_55)
FNDA:0,(anonymous_56)
FNDA:0,onClick
FNDA:0,(anonymous_58)
FNDA:0,onClick
FNDA:0,(anonymous_60)
FNDA:0,onClick
FNDA:0,(anonymous_62)
FNDA:0,(anonymous_63)
FNDA:0,(anonymous_64)
FNDA:0,(anonymous_65)
FNDA:0,(anonymous_66)
FNDA:0,(anonymous_67)
FNDA:0,(anonymous_68)
FNDA:0,(anonymous_69)
FNDA:0,(anonymous_70)
FNDA:0,(anonymous_71)
FNDA:0,(anonymous_72)
FNDA:0,(anonymous_73)
FNDA:0,(anonymous_74)
FNDA:0,(anonymous_75)
FNDA:0,(anonymous_76)
FNDA:0,(anonymous_77)
FNDA:0,(anonymous_78)
FNDA:0,(anonymous_79)
FNDA:0,(anonymous_80)
FNDA:0,(anonymous_81)
FNDA:0,(anonymous_82)
FNDA:0,(anonymous_83)
FNDA:0,(anonymous_84)
FNDA:0,(anonymous_85)
FNDA:0,(anonymous_86)
FNDA:0,(anonymous_87)
FNDA:0,(anonymous_88)
FNDA:0,(anonymous_89)
FNDA:0,(anonymous_90)
FNDA:0,(anonymous_91)
FNDA:0,(anonymous_92)
FNDA:0,(anonymous_93)
FNDA:0,(anonymous_94)
FNDA:0,(anonymous_95)
FNDA:0,(anonymous_96)
FNDA:0,(anonymous_97)
FNDA:0,(anonymous_98)
FNDA:0,(anonymous_99)
FNDA:0,(anonymous_100)
FNDA:0,(anonymous_101)
FNDA:0,(anonymous_102)
FNDA:0,(anonymous_103)
FNDA:0,(anonymous_104)
FNDA:0,(anonymous_105)
FNDA:0,(anonymous_106)
FNDA:0,(anonymous_107)
DA:10,0
DA:11,0
DA:12,0
DA:13,0
DA:14,0
DA:15,0
DA:16,0
DA:21,0
DA:23,0
DA:24,0
DA:25,0
DA:28,0
DA:29,0
DA:30,0
DA:39,0
DA:40,0
DA:49,0
DA:68,0
DA:69,0
DA:72,0
DA:73,0
DA:78,0
DA:82,0
DA:83,0
DA:88,0
DA:92,0
DA:93,0
DA:94,0
DA:98,0
DA:99,0
DA:100,0
DA:102,0
DA:103,0
DA:104,0
DA:106,0
DA:108,0
DA:109,0
DA:111,0
DA:113,0
DA:114,0
DA:115,0
DA:118,0
DA:120,0
DA:125,0
DA:126,0
DA:127,0
DA:128,0
DA:129,0
DA:132,0
DA:137,0
DA:138,0
DA:139,0
DA:143,0
DA:144,0
DA:145,0
DA:146,0
DA:150,0
DA:151,0
DA:152,0
DA:154,0
DA:155,0
DA:156,0
DA:160,0
DA:161,0
DA:162,0
DA:167,0
DA:168,0
DA:169,0
DA:170,0
DA:172,0
DA:175,0
DA:176,0
DA:182,0
DA:183,0
DA:184,0
DA:189,0
DA:190,0
DA:191,0
DA:192,0
DA:194,0
DA:197,0
DA:198,0
DA:204,0
DA:205,0
DA:214,0
DA:215,0
DA:216,0
DA:221,0
DA:222,0
DA:223,0
DA:224,0
DA:225,0
DA:226,0
DA:228,0
DA:229,0
DA:230,0
DA:233,0
DA:234,0
DA:235,0
DA:239,0
DA:240,0
DA:245,0
DA:246,0
DA:248,0
DA:249,0
DA:250,0
DA:251,0
DA:261,0
DA:262,0
DA:263,0
DA:266,0
DA:267,0
DA:272,0
DA:273,0
DA:274,0
DA:275,0
DA:276,0
DA:277,0
DA:278,0
DA:279,0
DA:280,0
DA:281,0
DA:282,0
DA:283,0
DA:284,0
DA:285,0
DA:286,0
DA:288,0
DA:296,0
DA:297,0
DA:298,0
DA:299,0
DA:300,0
DA:302,0
DA:305,0
DA:306,0
DA:313,0
DA:314,0
DA:315,0
DA:320,0
DA:321,0
DA:322,0
DA:323,0
DA:325,0
DA:328,0
DA:329,0
DA:335,0
DA:336,0
DA:337,0
DA:342,0
DA:343,0
DA:344,0
DA:345,0
DA:347,0
DA:350,0
DA:351,0
DA:357,0
DA:358,0
DA:359,0
DA:360,0
DA:361,0
DA:362,0
DA:363,0
DA:364,0
DA:365,0
DA:366,0
DA:367,0
DA:368,0
DA:369,0
DA:370,0
DA:371,0
DA:373,0
DA:379,0
DA:380,0
DA:381,0
DA:382,0
DA:383,0
DA:385,0
DA:388,0
DA:389,0
DA:394,0
DA:395,0
DA:396,0
DA:398,0
DA:438,0
DA:441,0
DA:444,0
DA:447,0
DA:450,0
DA:453,0
DA:457,0
DA:462,0
DA:465,0
DA:466,0
DA:467,0
DA:468,0
DA:469,0
DA:470,0
DA:471,0
DA:472,0
DA:473,0
DA:476,0
DA:479,0
DA:482,0
DA:485,0
DA:488,0
DA:491,0
DA:495,0
DA:496,0
DA:497,0
DA:498,0
DA:499,0
DA:500,0
DA:501,0
DA:502,0
DA:503,0
DA:504,0
DA:505,0
DA:506,0
DA:507,0
DA:508,0
DA:509,0
DA:514,0
DA:516,0
DA:525,0
DA:535,0
DA:537,0
DA:548,0
DA:556,0
DA:569,0
DA:595,0
DA:605,0
DA:611,0
DA:624,0
DA:630,0
DA:634,0
DA:643,0
DA:647,0
DA:658,0
DA:667,0
DA:671,0
DA:680,0
DA:684,0
DA:693,0
DA:697,0
DA:709,0
DA:713,0
DA:723,0
DA:729,0
DA:731,0
DA:735,0
DA:743,0
DA:749,0
DA:756,0
DA:761,0
DA:764,0
DA:773,0
DA:774,0
DA:789,0
DA:792,0
DA:804,0
DA:807,0
DA:818,0
DA:821,0
DA:835,0
DA:838,0
DA:854,0
DA:860,0
DA:862,0
DA:866,0
DA:874,0
DA:880,0
DA:887,0
DA:891,0
DA:894,0
DA:905,0
DA:909,0
DA:918,0
DA:919,0
DA:934,0
DA:937,0
DA:949,0
DA:953,0
DA:964,0
DA:968,0
DA:979,0
DA:982,0
DA:997,0
DA:1000,0
DA:1008,0
DA:1030,0
LF:291
LH:0
BRDA:14,0,0,0
BRDA:14,0,1,0
BRDA:21,1,0,0
BRDA:21,1,1,0
BRDA:78,2,0,0
BRDA:78,2,1,0
BRDA:88,3,0,0
BRDA:88,3,1,0
BRDA:93,4,0,0
BRDA:93,4,1,0
BRDA:102,5,0,0
BRDA:102,5,1,0
BRDA:103,6,0,0
BRDA:103,6,1,0
BRDA:108,7,0,0
BRDA:108,7,1,0
BRDA:113,8,0,0
BRDA:113,8,1,0
BRDA:128,9,0,0
BRDA:128,9,1,0
BRDA:129,10,0,0
BRDA:129,10,1,0
BRDA:168,11,0,0
BRDA:168,11,1,0
BRDA:172,12,0,0
BRDA:172,12,1,0
BRDA:175,13,0,0
BRDA:175,13,1,0
BRDA:190,14,0,0
BRDA:190,14,1,0
BRDA:194,15,0,0
BRDA:194,15,1,0
BRDA:197,16,0,0
BRDA:197,16,1,0
BRDA:225,17,0,0
BRDA:225,17,1,0
BRDA:226,18,0,0
BRDA:226,18,1,0
BRDA:228,19,0,0
BRDA:228,19,1,0
BRDA:233,20,0,0
BRDA:233,20,1,0
BRDA:249,21,0,0
BRDA:249,21,1,0
BRDA:255,22,0,0
BRDA:255,22,1,0
BRDA:256,23,0,0
BRDA:256,23,1,0
BRDA:273,24,0,0
BRDA:273,24,1,0
BRDA:275,25,0,0
BRDA:275,25,1,0
BRDA:278,26,0,0
BRDA:278,26,1,0
BRDA:297,27,0,0
BRDA:297,27,1,0
BRDA:302,28,0,0
BRDA:302,28,1,0
BRDA:321,29,0,0
BRDA:321,29,1,0
BRDA:325,30,0,0
BRDA:325,30,1,0
BRDA:328,31,0,0
BRDA:328,31,1,0
BRDA:343,32,0,0
BRDA:343,32,1,0
BRDA:347,33,0,0
BRDA:347,33,1,0
BRDA:350,34,0,0
BRDA:350,34,1,0
BRDA:358,35,0,0
BRDA:358,35,1,0
BRDA:360,36,0,0
BRDA:360,36,1,0
BRDA:363,37,0,0
BRDA:363,37,1,0
BRDA:380,38,0,0
BRDA:380,38,1,0
BRDA:385,39,0,0
BRDA:385,39,1,0
BRDA:467,40,0,0
BRDA:467,40,1,0
BRDA:467,40,2,0
BRDA:467,40,3,0
BRDA:469,41,0,0
BRDA:469,41,1,0
BRDA:469,42,0,0
BRDA:469,42,1,0
BRDA:469,43,0,0
BRDA:469,43,1,0
BRDA:469,43,2,0
BRDA:469,44,0,0
BRDA:469,44,1,0
BRDA:469,45,0,0
BRDA:469,45,1,0
BRDA:469,46,0,0
BRDA:469,46,1,0
BRDA:469,47,0,0
BRDA:469,47,1,0
BRDA:470,48,0,0
BRDA:470,48,1,0
BRDA:470,49,0,0
BRDA:470,49,1,0
BRDA:470,49,2,0
BRDA:471,50,0,0
BRDA:471,50,1,0
BRDA:472,51,0,0
BRDA:472,51,1,0
BRDA:472,51,2,0
BRDA:519,52,0,0
BRDA:519,52,1,0
BRDA:524,53,0,0
BRDA:524,53,1,0
BRDA:548,54,0,0
BRDA:548,54,1,0
BRDA:556,55,0,0
BRDA:556,55,1,0
BRDA:624,56,0,0
BRDA:624,56,1,0
BRDA:624,57,0,0
BRDA:624,57,1,0
BRDA:634,58,0,0
BRDA:634,58,1,0
BRDA:637,59,0,0
BRDA:637,59,1,0
BRDA:637,60,0,0
BRDA:637,60,1,0
BRDA:647,61,0,0
BRDA:647,61,1,0
BRDA:650,62,0,0
BRDA:650,62,1,0
BRDA:658,63,0,0
BRDA:658,63,1,0
BRDA:661,64,0,0
BRDA:661,64,1,0
BRDA:661,65,0,0
BRDA:661,65,1,0
BRDA:671,66,0,0
BRDA:671,66,1,0
BRDA:674,67,0,0
BRDA:674,67,1,0
BRDA:684,68,0,0
BRDA:684,68,1,0
BRDA:687,69,0,0
BRDA:687,69,1,0
BRDA:697,70,0,0
BRDA:697,70,1,0
BRDA:708,71,0,0
BRDA:708,71,1,0
BRDA:712,72,0,0
BRDA:712,72,1,0
BRDA:722,73,0,0
BRDA:722,73,1,0
BRDA:730,74,0,0
BRDA:730,74,1,0
BRDA:735,75,0,0
BRDA:735,75,1,0
BRDA:743,76,0,0
BRDA:743,76,1,0
BRDA:763,77,0,0
BRDA:763,77,1,0
BRDA:791,78,0,0
BRDA:791,78,1,0
BRDA:806,79,0,0
BRDA:806,79,1,0
BRDA:820,80,0,0
BRDA:820,80,1,0
BRDA:837,81,0,0
BRDA:837,81,1,0
BRDA:853,82,0,0
BRDA:853,82,1,0
BRDA:861,83,0,0
BRDA:861,83,1,0
BRDA:866,84,0,0
BRDA:866,84,1,0
BRDA:874,85,0,0
BRDA:874,85,1,0
BRDA:893,86,0,0
BRDA:893,86,1,0
BRDA:908,87,0,0
BRDA:908,87,1,0
BRDA:936,88,0,0
BRDA:936,88,1,0
BRDA:952,89,0,0
BRDA:952,89,1,0
BRDA:967,90,0,0
BRDA:967,90,1,0
BRDA:981,91,0,0
BRDA:981,91,1,0
BRDA:999,92,0,0
BRDA:999,92,1,0
BRF:191
BRH:0
end_of_record
TN:
SF:src\views\common\EquipmentInfo.vue
FN:7,(anonymous_0)
FN:12,(anonymous_1)
FN:79,(anonymous_2)
FN:101,(anonymous_3)
FN:114,(anonymous_4)
FN:120,(anonymous_5)
FN:141,(anonymous_6)
FN:149,(anonymous_7)
FN:171,(anonymous_8)
FN:194,(anonymous_9)
FN:203,(anonymous_10)
FN:209,(anonymous_11)
FN:219,(anonymous_12)
FN:225,(anonymous_13)
FN:226,(anonymous_14)
FN:231,(anonymous_15)
FN:237,(anonymous_16)
FN:239,(anonymous_17)
FN:273,(anonymous_18)
FN:286,(anonymous_19)
FN:292,(anonymous_20)
FN:299,(anonymous_21)
FN:304,(anonymous_22)
FN:310,(anonymous_23)
FN:321,(anonymous_24)
FN:332,(anonymous_25)
FN:380,(anonymous_26)
FN:383,(anonymous_27)
FN:386,(anonymous_28)
FN:389,(anonymous_29)
FN:392,(anonymous_30)
FN:395,(anonymous_31)
FN:398,(anonymous_32)
FN:401,(anonymous_33)
FN:419,_toConsumableArray
FN:420,_nonIterableSpread
FN:421,_unsupportedIterableToArray
FN:422,_iterableToArray
FN:423,_arrayWithoutHoles
FN:424,_arrayLikeToArray
FN:455,render
FN:472,(anonymous_41)
FN:474,(anonymous_42)
FN:485,(anonymous_43)
FN:487,(anonymous_44)
FN:496,(anonymous_45)
FN:506,(anonymous_46)
FN:508,(anonymous_47)
FN:519,(anonymous_48)
FN:527,(anonymous_49)
FN:540,(anonymous_50)
FN:557,(anonymous_51)
FN:569,(anonymous_52)
FN:581,(anonymous_53)
FN:585,onClick
FN:589,(anonymous_55)
FN:591,(anonymous_56)
FN:601,onClick
FN:605,(anonymous_58)
FN:607,(anonymous_59)
FN:622,(anonymous_60)
FN:626,(anonymous_61)
FN:636,(anonymous_62)
FN:642,(anonymous_63)
FN:644,(anonymous_64)
FN:648,(anonymous_65)
FN:656,(anonymous_66)
FN:662,(anonymous_67)
FN:669,(anonymous_68)
FN:674,(anonymous_69)
FN:677,(anonymous_70)
FN:688,(anonymous_71)
FN:691,(anonymous_72)
FN:702,(anonymous_73)
FN:705,(anonymous_74)
FN:713,(anonymous_75)
FN:714,(anonymous_76)
FN:729,(anonymous_77)
FN:732,(anonymous_78)
FN:740,(anonymous_79)
FN:767,(anonymous_80)
FN:773,(anonymous_81)
FN:775,(anonymous_82)
FN:779,(anonymous_83)
FN:787,(anonymous_84)
FN:793,(anonymous_85)
FN:799,(anonymous_86)
FN:805,(anonymous_87)
FN:808,(anonymous_88)
FN:820,(anonymous_89)
FN:833,(anonymous_90)
FN:848,(anonymous_91)
FN:852,onClick
FN:856,(anonymous_93)
FN:863,onClick
FN:867,(anonymous_95)
FN:882,(anonymous_96)
FN:888,(anonymous_97)
FN:890,(anonymous_98)
FN:894,(anonymous_99)
FN:902,(anonymous_100)
FN:908,(anonymous_101)
FN:912,(anonymous_102)
FN:916,(anonymous_103)
FN:919,(anonymous_104)
FN:929,(anonymous_105)
FN:932,(anonymous_106)
FNF:107
FNH:0
FNDA:0,(anonymous_0)
FNDA:0,(anonymous_1)
FNDA:0,(anonymous_2)
FNDA:0,(anonymous_3)
FNDA:0,(anonymous_4)
FNDA:0,(anonymous_5)
FNDA:0,(anonymous_6)
FNDA:0,(anonymous_7)
FNDA:0,(anonymous_8)
FNDA:0,(anonymous_9)
FNDA:0,(anonymous_10)
FNDA:0,(anonymous_11)
FNDA:0,(anonymous_12)
FNDA:0,(anonymous_13)
FNDA:0,(anonymous_14)
FNDA:0,(anonymous_15)
FNDA:0,(anonymous_16)
FNDA:0,(anonymous_17)
FNDA:0,(anonymous_18)
FNDA:0,(anonymous_19)
FNDA:0,(anonymous_20)
FNDA:0,(anonymous_21)
FNDA:0,(anonymous_22)
FNDA:0,(anonymous_23)
FNDA:0,(anonymous_24)
FNDA:0,(anonymous_25)
FNDA:0,(anonymous_26)
FNDA:0,(anonymous_27)
FNDA:0,(anonymous_28)
FNDA:0,(anonymous_29)
FNDA:0,(anonymous_30)
FNDA:0,(anonymous_31)
FNDA:0,(anonymous_32)
FNDA:0,(anonymous_33)
FNDA:0,_toConsumableArray
FNDA:0,_nonIterableSpread
FNDA:0,_unsupportedIterableToArray
FNDA:0,_iterableToArray
FNDA:0,_arrayWithoutHoles
FNDA:0,_arrayLikeToArray
FNDA:0,render
FNDA:0,(anonymous_41)
FNDA:0,(anonymous_42)
FNDA:0,(anonymous_43)
FNDA:0,(anonymous_44)
FNDA:0,(anonymous_45)
FNDA:0,(anonymous_46)
FNDA:0,(anonymous_47)
FNDA:0,(anonymous_48)
FNDA:0,(anonymous_49)
FNDA:0,(anonymous_50)
FNDA:0,(anonymous_51)
FNDA:0,(anonymous_52)
FNDA:0,(anonymous_53)
FNDA:0,onClick
FNDA:0,(anonymous_55)
FNDA:0,(anonymous_56)
FNDA:0,onClick
FNDA:0,(anonymous_58)
FNDA:0,(anonymous_59)
FNDA:0,(anonymous_60)
FNDA:0,(anonymous_61)
FNDA:0,(anonymous_62)
FNDA:0,(anonymous_63)
FNDA:0,(anonymous_64)
FNDA:0,(anonymous_65)
FNDA:0,(anonymous_66)
FNDA:0,(anonymous_67)
FNDA:0,(anonymous_68)
FNDA:0,(anonymous_69)
FNDA:0,(anonymous_70)
FNDA:0,(anonymous_71)
FNDA:0,(anonymous_72)
FNDA:0,(anonymous_73)
FNDA:0,(anonymous_74)
FNDA:0,(anonymous_75)
FNDA:0,(anonymous_76)
FNDA:0,(anonymous_77)
FNDA:0,(anonymous_78)
FNDA:0,(anonymous_79)
FNDA:0,(anonymous_80)
FNDA:0,(anonymous_81)
FNDA:0,(anonymous_82)
FNDA:0,(anonymous_83)
FNDA:0,(anonymous_84)
FNDA:0,(anonymous_85)
FNDA:0,(anonymous_86)
FNDA:0,(anonymous_87)
FNDA:0,(anonymous_88)
FNDA:0,(anonymous_89)
FNDA:0,(anonymous_90)
FNDA:0,(anonymous_91)
FNDA:0,onClick
FNDA:0,(anonymous_93)
FNDA:0,onClick
FNDA:0,(anonymous_95)
FNDA:0,(anonymous_96)
FNDA:0,(anonymous_97)
FNDA:0,(anonymous_98)
FNDA:0,(anonymous_99)
FNDA:0,(anonymous_100)
FNDA:0,(anonymous_101)
FNDA:0,(anonymous_102)
FNDA:0,(anonymous_103)
FNDA:0,(anonymous_104)
FNDA:0,(anonymous_105)
FNDA:0,(anonymous_106)
DA:10,0
DA:11,0
DA:12,0
DA:13,0
DA:18,0
DA:22,0
DA:23,0
DA:24,0
DA:27,0
DA:28,0
DA:29,0
DA:32,0
DA:33,0
DA:34,0
DA:35,0
DA:36,0
DA:39,0
DA:42,0
DA:56,0
DA:64,0
DA:67,0
DA:70,0
DA:76,0
DA:79,0
DA:80,0
DA:81,0
DA:83,0
DA:84,0
DA:86,0
DA:88,0
DA:89,0
DA:90,0
DA:93,0
DA:94,0
DA:96,0
DA:101,0
DA:102,0
DA:103,0
DA:104,0
DA:105,0
DA:108,0
DA:109,0
DA:114,0
DA:115,0
DA:116,0
DA:120,0
DA:121,0
DA:122,0
DA:123,0
DA:125,0
DA:126,0
DA:127,0
DA:128,0
DA:129,0
DA:130,0
DA:132,0
DA:135,0
DA:136,0
DA:141,0
DA:142,0
DA:145,0
DA:149,0
DA:150,0
DA:151,0
DA:152,0
DA:154,0
DA:155,0
DA:156,0
DA:157,0
DA:158,0
DA:159,0
DA:160,0
DA:162,0
DA:165,0
DA:166,0
DA:171,0
DA:172,0
DA:173,0
DA:178,0
DA:179,0
DA:180,0
DA:181,0
DA:183,0
DA:186,0
DA:187,0
DA:188,0
DA:194,0
DA:195,0
DA:196,0
DA:202,0
DA:203,0
DA:204,0
DA:209,0
DA:210,0
DA:211,0
DA:212,0
DA:218,0
DA:219,0
DA:220,0
DA:225,0
DA:226,0
DA:227,0
DA:231,0
DA:232,0
DA:233,0
DA:237,0
DA:238,0
DA:239,0
DA:240,0
DA:241,0
DA:242,0
DA:246,0
DA:247,0
DA:248,0
DA:249,0
DA:250,0
DA:252,0
DA:253,0
DA:254,0
DA:255,0
DA:256,0
DA:257,0
DA:258,0
DA:259,0
DA:261,0
DA:265,0
DA:266,0
DA:273,0
DA:274,0
DA:275,0
DA:276,0
DA:277,0
DA:278,0
DA:280,0
DA:281,0
DA:286,0
DA:287,0
DA:288,0
DA:292,0
DA:293,0
DA:294,0
DA:295,0
DA:299,0
DA:300,0
DA:301,0
DA:302,0
DA:304,0
DA:305,0
DA:306,0
DA:310,0
DA:311,0
DA:317,0
DA:321,0
DA:322,0
DA:328,0
DA:332,0
DA:333,0
DA:334,0
DA:336,0
DA:381,0
DA:384,0
DA:387,0
DA:390,0
DA:393,0
DA:396,0
DA:399,0
DA:402,0
DA:405,0
DA:409,0
DA:414,0
DA:417,0
DA:418,0
DA:419,0
DA:420,0
DA:421,0
DA:422,0
DA:423,0
DA:424,0
DA:425,0
DA:428,0
DA:431,0
DA:434,0
DA:437,0
DA:440,0
DA:443,0
DA:446,0
DA:449,0
DA:452,0
DA:456,0
DA:457,0
DA:458,0
DA:459,0
DA:460,0
DA:461,0
DA:462,0
DA:463,0
DA:464,0
DA:465,0
DA:466,0
DA:467,0
DA:468,0
DA:473,0
DA:475,0
DA:486,0
DA:488,0
DA:497,0
DA:507,0
DA:509,0
DA:520,0
DA:528,0
DA:541,0
DA:558,0
DA:570,0
DA:582,0
DA:586,0
DA:590,0
DA:592,0
DA:602,0
DA:606,0
DA:608,0
DA:623,0
DA:627,0
DA:637,0
DA:643,0
DA:645,0
DA:649,0
DA:657,0
DA:663,0
DA:670,0
DA:675,0
DA:678,0
DA:689,0
DA:692,0
DA:703,0
DA:706,0
DA:714,0
DA:715,0
DA:730,0
DA:733,0
DA:741,0
DA:768,0
DA:774,0
DA:776,0
DA:780,0
DA:788,0
DA:794,0
DA:800,0
DA:806,0
DA:809,0
DA:821,0
DA:834,0
DA:849,0
DA:853,0
DA:857,0
DA:864,0
DA:868,0
DA:883,0
DA:889,0
DA:891,0
DA:895,0
DA:903,0
DA:909,0
DA:913,0
DA:917,0
DA:920,0
DA:930,0
DA:933,0
DA:946,0
LF:268
LH:0
BRDA:11,0,0,0
BRDA:11,0,1,0
BRDA:18,1,0,0
BRDA:18,1,1,0
BRDA:83,2,0,0
BRDA:83,2,1,0
BRDA:88,3,0,0
BRDA:88,3,1,0
BRDA:88,4,0,0
BRDA:88,4,1,0
BRDA:89,5,0,0
BRDA:89,5,1,0
BRDA:90,6,0,0
BRDA:90,6,1,0
BRDA:104,7,0,0
BRDA:104,7,1,0
BRDA:105,8,0,0
BRDA:105,8,1,0
BRDA:121,9,0,0
BRDA:121,9,1,0
BRDA:127,10,0,0
BRDA:127,10,1,0
BRDA:132,11,0,0
BRDA:132,11,1,0
BRDA:150,12,0,0
BRDA:150,12,1,0
BRDA:157,13,0,0
BRDA:157,13,1,0
BRDA:162,14,0,0
BRDA:162,14,1,0
BRDA:179,15,0,0
BRDA:179,15,1,0
BRDA:183,16,0,0
BRDA:183,16,1,0
BRDA:186,17,0,0
BRDA:186,17,1,0
BRDA:216,18,0,0
BRDA:216,18,1,0
BRDA:227,19,0,0
BRDA:227,19,1,0
BRDA:238,20,0,0
BRDA:238,20,1,0
BRDA:240,21,0,0
BRDA:240,21,1,0
BRDA:246,22,0,0
BRDA:246,22,1,0
BRDA:254,23,0,0
BRDA:254,23,1,0
BRDA:258,24,0,0
BRDA:258,24,1,0
BRDA:259,25,0,0
BRDA:259,25,1,0
BRDA:261,26,0,0
BRDA:261,26,1,0
BRDA:317,27,0,0
BRDA:317,27,1,0
BRDA:328,28,0,0
BRDA:328,28,1,0
BRDA:419,29,0,0
BRDA:419,29,1,0
BRDA:419,29,2,0
BRDA:419,29,3,0
BRDA:421,30,0,0
BRDA:421,30,1,0
BRDA:421,31,0,0
BRDA:421,31,1,0
BRDA:421,32,0,0
BRDA:421,32,1,0
BRDA:421,32,2,0
BRDA:421,33,0,0
BRDA:421,33,1,0
BRDA:421,34,0,0
BRDA:421,34,1,0
BRDA:421,35,0,0
BRDA:421,35,1,0
BRDA:421,36,0,0
BRDA:421,36,1,0
BRDA:422,37,0,0
BRDA:422,37,1,0
BRDA:422,38,0,0
BRDA:422,38,1,0
BRDA:422,38,2,0
BRDA:423,39,0,0
BRDA:423,39,1,0
BRDA:424,40,0,0
BRDA:424,40,1,0
BRDA:424,40,2,0
BRDA:478,41,0,0
BRDA:478,41,1,0
BRDA:491,42,0,0
BRDA:491,42,1,0
BRDA:496,43,0,0
BRDA:496,43,1,0
BRDA:520,44,0,0
BRDA:520,44,1,0
BRDA:528,45,0,0
BRDA:528,45,1,0
BRDA:559,46,0,0
BRDA:559,46,1,0
BRDA:560,47,0,0
BRDA:560,47,1,0
BRDA:595,48,0,0
BRDA:595,48,1,0
BRDA:611,49,0,0
BRDA:611,49,1,0
BRDA:622,50,0,0
BRDA:622,50,1,0
BRDA:626,51,0,0
BRDA:626,51,1,0
BRDA:636,52,0,0
BRDA:636,52,1,0
BRDA:644,53,0,0
BRDA:644,53,1,0
BRDA:649,54,0,0
BRDA:649,54,1,0
BRDA:657,55,0,0
BRDA:657,55,1,0
BRDA:670,56,0,0
BRDA:670,56,1,0
BRDA:677,57,0,0
BRDA:677,57,1,0
BRDA:691,58,0,0
BRDA:691,58,1,0
BRDA:705,59,0,0
BRDA:705,59,1,0
BRDA:732,60,0,0
BRDA:732,60,1,0
BRDA:767,61,0,0
BRDA:767,61,1,0
BRDA:775,62,0,0
BRDA:775,62,1,0
BRDA:780,63,0,0
BRDA:780,63,1,0
BRDA:788,64,0,0
BRDA:788,64,1,0
BRDA:799,65,0,0
BRDA:799,65,1,0
BRDA:808,66,0,0
BRDA:808,66,1,0
BRDA:821,67,0,0
BRDA:821,67,1,0
BRDA:857,68,0,0
BRDA:857,68,1,0
BRDA:868,69,0,0
BRDA:868,69,1,0
BRDA:882,70,0,0
BRDA:882,70,1,0
BRDA:890,71,0,0
BRDA:890,71,1,0
BRDA:895,72,0,0
BRDA:895,72,1,0
BRDA:903,73,0,0
BRDA:903,73,1,0
BRDA:919,74,0,0
BRDA:919,74,1,0
BRDA:932,75,0,0
BRDA:932,75,1,0
BRF:157
BRH:0
end_of_record
TN:
SF:src\views\common\LandActivity.vue
FN:7,(anonymous_0)
FN:12,(anonymous_1)
FN:174,(anonymous_2)
FN:183,(anonymous_3)
FN:192,(anonymous_4)
FN:205,(anonymous_5)
FN:221,(anonymous_6)
FN:242,(anonymous_7)
FN:261,(anonymous_8)
FN:273,(anonymous_9)
FN:287,(anonymous_10)
FN:311,(anonymous_11)
FN:315,(anonymous_12)
FN:320,(anonymous_13)
FN:324,(anonymous_14)
FN:331,(anonymous_15)
FN:342,(anonymous_16)
FN:344,(anonymous_17)
FN:347,(anonymous_18)
FN:349,(anonymous_19)
FN:352,(anonymous_20)
FN:390,(anonymous_21)
FN:405,(anonymous_22)
FN:410,(anonymous_23)
FN:420,(anonymous_24)
FN:441,(anonymous_25)
FN:447,(anonymous_26)
FN:456,(anonymous_27)
FN:468,(anonymous_28)
FN:482,(anonymous_29)
FN:486,(anonymous_30)
FN:488,(anonymous_31)
FN:508,(anonymous_32)
FN:523,(anonymous_33)
FN:527,(anonymous_34)
FN:529,(anonymous_35)
FN:557,(anonymous_36)
FN:581,(anonymous_37)
FN:601,(anonymous_38)
FN:687,(anonymous_39)
FN:690,(anonymous_40)
FN:693,(anonymous_41)
FN:696,(anonymous_42)
FN:699,(anonymous_43)
FN:702,(anonymous_44)
FN:705,(anonymous_45)
FN:708,(anonymous_46)
FN:711,(anonymous_47)
FN:714,(anonymous_48)
FN:732,_toConsumableArray
FN:733,_nonIterableSpread
FN:734,_unsupportedIterableToArray
FN:735,_iterableToArray
FN:736,_arrayWithoutHoles
FN:737,_arrayLikeToArray
FN:798,render
FN:818,(anonymous_56)
FN:828,(anonymous_57)
FN:830,(anonymous_58)
FN:841,(anonymous_59)
FN:849,(anonymous_60)
FN:862,(anonymous_61)
FN:891,(anonymous_62)
FN:901,(anonymous_63)
FN:906,onClick
FN:910,(anonymous_65)
FN:922,(anonymous_66)
FN:926,(anonymous_67)
FN:936,(anonymous_68)
FN:943,(anonymous_69)
FN:945,(anonymous_70)
FN:950,(anonymous_71)
FN:952,(anonymous_72)
FN:961,(anonymous_73)
FN:963,(anonymous_74)
FN:972,(anonymous_75)
FN:977,(anonymous_76)
FN:985,(anonymous_77)
FN:993,(anonymous_78)
FN:1005,(anonymous_79)
FN:1007,(anonymous_80)
FN:1019,(anonymous_81)
FN:1026,(anonymous_82)
FN:1043,(anonymous_83)
FN:1051,(anonymous_84)
FN:1062,(anonymous_85)
FN:1069,(anonymous_86)
FN:1087,(anonymous_87)
FN:1094,(anonymous_88)
FN:1107,(anonymous_89)
FN:1117,(anonymous_90)
FN:1132,(anonymous_91)
FN:1134,(anonymous_92)
FN:1147,(anonymous_93)
FN:1152,onClick
FN:1157,(anonymous_95)
FN:1159,(anonymous_96)
FN:1170,onClick
FN:1175,(anonymous_98)
FN:1177,(anonymous_99)
FN:1192,(anonymous_100)
FN:1196,(anonymous_101)
FN:1210,(anonymous_102)
FN:1216,(anonymous_103)
FN:1218,(anonymous_104)
FN:1222,(anonymous_105)
FN:1230,(anonymous_106)
FN:1236,(anonymous_107)
FN:1243,(anonymous_108)
FN:1248,(anonymous_109)
FN:1251,(anonymous_110)
FN:1259,(anonymous_111)
FN:1289,(anonymous_112)
FN:1294,(anonymous_113)
FN:1305,(anonymous_114)
FN:1308,(anonymous_115)
FN:1324,(anonymous_116)
FN:1327,(anonymous_117)
FN:1339,(anonymous_118)
FN:1342,(anonymous_119)
FN:1351,(anonymous_120)
[...]
FNDA:0,(anonymous_52)
FNDA:0,(anonymous_53)
FNDA:0,(anonymous_54)
FNDA:0,(anonymous_55)
FNDA:0,(anonymous_56)
FNDA:0,(anonymous_57)
FNDA:0,(anonymous_58)
FNDA:0,(anonymous_59)
FNDA:0,(anonymous_60)
FNDA:0,(anonymous_61)
FNDA:0,(anonymous_62)
FNDA:0,(anonymous_63)
FNDA:0,(anonymous_64)
FNDA:0,(anonymous_65)
FNDA:0,(anonymous_66)
FNDA:0,(anonymous_67)
FNDA:0,(anonymous_68)
FNDA:0,(anonymous_69)
FNDA:0,(anonymous_70)
FNDA:0,(anonymous_71)
FNDA:0,(anonymous_72)
FNDA:0,(anonymous_73)
FNDA:0,(anonymous_74)
FNDA:0,(anonymous_75)
FNDA:0,(anonymous_76)
FNDA:0,(anonymous_77)
FNDA:0,(anonymous_78)
FNDA:0,(anonymous_79)
FNDA:0,(anonymous_80)
FNDA:0,(anonymous_81)
FNDA:0,(anonymous_82)
FNDA:0,(anonymous_83)
FNDA:0,(anonymous_84)
FNDA:0,(anonymous_85)
FNDA:0,(anonymous_86)
FNDA:0,(anonymous_87)
FNDA:0,(anonymous_88)
FNDA:0,(anonymous_89)
FNDA:0,(anonymous_90)
FNDA:0,(anonymous_91)
FNDA:0,(anonymous_92)
FNDA:0,(anonymous_93)
FNDA:0,(anonymous_94)
FNDA:0,(anonymous_95)
DA:10,0
DA:11,0
DA:12,0
DA:13,0
DA:14,0
DA:15,0
DA:23,0
DA:24,0
DA:25,0
DA:30,0
DA:31,0
DA:32,0
DA:34,0
DA:37,0
DA:61,0
DA:62,0
DA:67,0
DA:69,0
DA:70,0
DA:75,0
DA:77,0
DA:78,0
DA:79,0
DA:80,0
DA:81,0
DA:82,0
DA:83,0
DA:88,0
DA:89,0
DA:91,0
DA:94,0
DA:95,0
DA:98,0
DA:100,0
DA:101,0
DA:103,0
DA:104,0
DA:105,0
DA:106,0
DA:113,0
DA:114,0
DA:115,0
DA:117,0
DA:118,0
DA:119,0
DA:122,0
DA:123,0
DA:124,0
DA:125,0
DA:126,0
DA:133,0
DA:136,0
DA:137,0
DA:138,0
DA:140,0
DA:143,0
DA:144,0
DA:149,0
DA:150,0
DA:151,0
DA:154,0
DA:155,0
DA:156,0
DA:157,0
DA:158,0
DA:159,0
DA:160,0
DA:164,0
DA:165,0
DA:166,0
DA:168,0
DA:171,0
DA:172,0
DA:174,0
DA:178,0
DA:179,0
DA:181,0
DA:204,0
DA:207,0
DA:210,0
DA:213,0
DA:216,0
DA:219,0
DA:222,0
DA:225,0
DA:228,0
DA:231,0
DA:234,0
DA:238,0
DA:243,0
DA:246,0
DA:247,0
DA:248,0
DA:249,0
DA:250,0
DA:251,0
DA:252,0
DA:253,0
DA:254,0
DA:257,0
DA:260,0
DA:263,0
DA:266,0
DA:269,0
DA:272,0
DA:275,0
DA:278,0
DA:281,0
DA:284,0
DA:287,0
DA:290,0
DA:293,0
DA:297,0
DA:298,0
DA:299,0
DA:300,0
DA:301,0
DA:302,0
DA:303,0
DA:304,0
DA:305,0
DA:306,0
DA:307,0
DA:308,0
DA:309,0
DA:316,0
DA:326,0
DA:328,0
DA:337,0
DA:339,0
DA:351,0
DA:353,0
DA:362,0
DA:368,0
DA:372,0
DA:377,0
DA:387,0
DA:394,0
DA:401,0
DA:406,0
DA:416,0
DA:425,0
DA:441,0
DA:443,0
DA:451,0
DA:460,0
DA:466,0
DA:472,0
DA:476,0
DA:479,0
DA:484,0
DA:486,0
DA:499,0
DA:502,0
DA:507,0
DA:509,0
DA:522,0
DA:525,0
DA:530,0
DA:532,0
DA:545,0
DA:548,0
DA:553,0
DA:555,0
DA:568,0
DA:571,0
DA:576,0
DA:578,0
DA:591,0
DA:594,0
DA:599,0
DA:601,0
DA:619,0
DA:625,0
DA:627,0
DA:631,0
DA:639,0
DA:645,0
DA:652,0
DA:657,0
DA:660,0
DA:667,0
DA:669,0
DA:683,0
DA:686,0
DA:693,0
DA:695,0
DA:709,0
DA:712,0
DA:719,0
DA:721,0
DA:737,0
LF:192
LH:0
BRDA:31,0,0,0
BRDA:31,0,1,0
BRDA:67,1,0,0
BRDA:67,1,1,0
BRDA:75,2,0,0
BRDA:75,2,1,0
BRDA:81,3,0,0
BRDA:81,3,1,0
BRDA:114,4,0,0
BRDA:114,4,1,0
BRDA:114,5,0,0
BRDA:114,5,1,0
BRDA:115,6,0,0
BRDA:115,6,1,0
BRDA:115,6,2,0
BRDA:124,7,0,0
BRDA:124,7,1,0
BRDA:137,8,0,0
BRDA:137,8,1,0
BRDA:137,8,2,0
BRDA:137,8,3,0
BRDA:155,9,0,0
BRDA:155,9,1,0
BRDA:157,10,0,0
BRDA:157,10,1,0
BRDA:164,11,0,0
BRDA:164,11,1,0
BRDA:168,12,0,0
BRDA:168,12,1,0
BRDA:172,13,0,0
BRDA:172,13,1,0
BRDA:248,14,0,0
BRDA:248,14,1,0
BRDA:248,14,2,0
BRDA:248,14,3,0
BRDA:250,15,0,0
BRDA:250,15,1,0
BRDA:250,16,0,0
BRDA:250,16,1,0
BRDA:250,17,0,0
BRDA:250,17,1,0
BRDA:250,17,2,0
BRDA:250,18,0,0
BRDA:250,18,1,0
BRDA:250,19,0,0
BRDA:250,19,1,0
BRDA:250,20,0,0
BRDA:250,20,1,0
BRDA:250,21,0,0
BRDA:250,21,1,0
BRDA:251,22,0,0
BRDA:251,22,1,0
BRDA:251,23,0,0
BRDA:251,23,1,0
BRDA:251,23,2,0
BRDA:252,24,0,0
BRDA:252,24,1,0
BRDA:253,25,0,0
BRDA:253,25,1,0
BRDA:253,25,2,0
BRDA:316,26,0,0
BRDA:316,26,1,0
BRDA:316,27,0,0
BRDA:316,27,1,0
BRDA:316,28,0,0
BRDA:316,28,1,0
BRDA:319,29,0,0
BRDA:319,29,1,0
BRDA:321,30,0,0
BRDA:321,30,1,0
BRDA:321,31,0,0
BRDA:321,31,1,0
BRDA:321,32,0,0
BRDA:321,32,1,0
BRDA:331,33,0,0
BRDA:331,33,1,0
BRDA:342,34,0,0
BRDA:342,34,1,0
BRDA:356,35,0,0
BRDA:356,35,1,0
BRDA:417,36,0,0
BRDA:417,36,1,0
BRDA:418,37,0,0
BRDA:418,37,1,0
BRDA:426,38,0,0
BRDA:426,38,1,0
BRDA:427,39,0,0
BRDA:427,39,1,0
BRDA:446,40,0,0
BRDA:446,40,1,0
BRDA:451,41,0,0
BRDA:451,41,1,0
BRDA:460,42,0,0
BRDA:460,42,1,0
BRDA:478,43,0,0
BRDA:478,43,1,0
BRDA:501,44,0,0
BRDA:501,44,1,0
BRDA:524,45,0,0
BRDA:524,45,1,0
BRDA:547,46,0,0
BRDA:547,46,1,0
BRDA:570,47,0,0
BRDA:570,47,1,0
BRDA:593,48,0,0
BRDA:593,48,1,0
BRDA:618,49,0,0
BRDA:618,49,1,0
BRDA:626,50,0,0
BRDA:626,50,1,0
BRDA:631,51,0,0
BRDA:631,51,1,0
BRDA:639,52,0,0
BRDA:639,52,1,0
BRDA:659,53,0,0
BRDA:659,53,1,0
BRDA:685,54,0,0
BRDA:685,54,1,0
BRDA:711,55,0,0
BRDA:711,55,1,0
BRF:120
BRH:0
end_of_record
TN:
SF:src\views\enterprise-admin\ContractorManage.vue
FN:10,(anonymous_0)
FN:73,(anonymous_1)
FN:78,(anonymous_2)
FN:99,(anonymous_3)
FN:113,(anonymous_4)
FN:119,(anonymous_5)
FN:128,(anonymous_6)
FN:134,(anonymous_7)
FN:140,(anonymous_8)
FN:143,(anonymous_9)
FN:184,(anonymous_10)
FN:205,(anonymous_11)
FN:212,(anonymous_12)
FN:219,(anonymous_13)
FN:224,(anonymous_14)
FN:230,(anonymous_15)
FN:240,(anonymous_16)
FN:250,(anonymous_17)
FN:255,(anonymous_18)
FN:260,(anonymous_19)
FN:281,(anonymous_20)
FN:319,(anonymous_21)
FN:322,(anonymous_22)
FN:325,(anonymous_23)
FN:328,(anonymous_24)
FN:331,(anonymous_25)
FN:334,(anonymous_26)
FN:337,(anonymous_27)
FN:340,(anonymous_28)
FN:358,_toConsumableArray
FN:359,_nonIterableSpread
FN:360,_unsupportedIterableToArray
FN:361,_iterableToArray
FN:362,_arrayWithoutHoles
FN:363,_arrayLikeToArray
FN:385,render
FN:402,(anonymous_36)
FN:404,(anonymous_37)
FN:413,(anonymous_38)
FN:423,(anonymous_39)
FN:425,(anonymous_40)
FN:436,(anonymous_41)
FN:444,(anonymous_42)
FN:457,(anonymous_43)
FN:479,(anonymous_44)
FN:496,(anonymous_45)
FN:506,(anonymous_46)
FN:516,(anonymous_47)
FN:528,(anonymous_48)
FN:532,onClick
FN:536,(anonymous_50)
FN:538,(anonymous_51)
FN:548,onClick
FN:552,(anonymous_53)
FN:556,(anonymous_54)
FN:563,(anonymous_55)
FN:573,onClick
FN:577,(anonymous_57)
FN:579,(anonymous_58)
FN:594,(anonymous_59)
FN:598,(anonymous_60)
FN:609,(anonymous_61)
FN:615,(anonymous_62)
FN:617,(anonymous_63)
FN:621,(anonymous_64)
FN:629,(anonymous_65)
FN:635,(anonymous_66)
FN:642,(anonymous_67)
FN:647,(anonymous_68)
FN:650,(anonymous_69)
FN:661,(anonymous_70)
FN:664,(anonymous_71)
FN:675,(anonymous_72)
FN:678,(anonymous_73)
FN:690,(anonymous_74)
FN:693,(anonymous_75)
FN:704,(anonymous_76)
FN:707,(anonymous_77)
FN:712,(anonymous_78)
FN:728,(anonymous_79)
FN:731,(anonymous_80)
FN:736,(anonymous_81)
FN:752,(anonymous_82)
FN:755,(anonymous_83)
FN:765,(anonymous_84)
FN:768,(anonymous_85)
FN:783,(anonymous_86)
FN:789,(anonymous_87)
FN:791,(anonymous_88)
FN:795,(anonymous_89)
FN:803,(anonymous_90)
FN:809,(anonymous_91)
FNF:92
FNH:0
FNDA:0,(anonymous_0)
FNDA:0,(anonymous_1)
FNDA:0,(anonymous_2)
FNDA:0,(anonymous_3)
FNDA:0,(anonymous_4)
FNDA:0,(anonymous_5)
FNDA:0,(anonymous_6)
FNDA:0,(anonymous_7)
FNDA:0,(anonymous_8)
FNDA:0,(anonymous_9)
FNDA:0,(anonymous_10)
FNDA:0,(anonymous_11)
FNDA:0,(anonymous_12)
FNDA:0,(anonymous_13)
FNDA:0,(anonymous_14)
FNDA:0,(anonymous_15)
FNDA:0,(anonymous_16)
FNDA:0,(anonymous_17)
FNDA:0,(anonymous_18)
FNDA:0,(anonymous_19)
FNDA:0,(anonymous_20)
FNDA:0,(anonymous_21)
FNDA:0,(anonymous_22)
FNDA:0,(anonymous_23)
FNDA:0,(anonymous_24)
FNDA:0,(anonymous_25)
FNDA:0,(anonymous_26)
FNDA:0,(anonymous_27)
FNDA:0,(anonymous_28)
FNDA:0,_toConsumableArray
FNDA:0,_nonIterableSpread
FNDA:0,_unsupportedIterableToArray
FNDA:0,_iterableToArray
FNDA:0,_arrayWithoutHoles
FNDA:0,_arrayLikeToArray
FNDA:0,render
FNDA:0,(anonymous_36)
FNDA:0,(anonymous_37)
FNDA:0,(anonymous_38)
FNDA:0,(anonymous_39)
FNDA:0,(anonymous_40)
FNDA:0,(anonymous_41)
FNDA:0,(anonymous_42)
FNDA:0,(anonymous_43)
FNDA:0,(anonymous_44)
FNDA:0,(anonymous_45)
FNDA:0,(anonymous_46)
FNDA:0,(anonymous_47)
FNDA:0,(anonymous_48)
FNDA:0,onClick
FNDA:0,(anonymous_50)
FNDA:0,(anonymous_51)
FNDA:0,onClick
FNDA:0,(anonymous_53)
FNDA:0,(anonymous_54)
FNDA:0,(anonymous_55)
FNDA:0,onClick
FNDA:0,(anonymous_57)
FNDA:0,(anonymous_58)
FNDA:0,(anonymous_59)
FNDA:0,(anonymous_60)
FNDA:0,(anonymous_61)
FNDA:0,(anonymous_62)
FNDA:0,(anonymous_63)
FNDA:0,(anonymous_64)
FNDA:0,(anonymous_65)
FNDA:0,(anonymous_66)
FNDA:0,(anonymous_67)
FNDA:0,(anonymous_68)
FNDA:0,(anonymous_69)
FNDA:0,(anonymous_70)
FNDA:0,(anonymous_71)
FNDA:0,(anonymous_72)
FNDA:0,(anonymous_73)
FNDA:0,(anonymous_74)
FNDA:0,(anonymous_75)
FNDA:0,(anonymous_76)
FNDA:0,(anonymous_77)
FNDA:0,(anonymous_78)
FNDA:0,(anonymous_79)
FNDA:0,(anonymous_80)
FNDA:0,(anonymous_81)
FNDA:0,(anonymous_82)
FNDA:0,(anonymous_83)
FNDA:0,(anonymous_84)
FNDA:0,(anonymous_85)
FNDA:0,(anonymous_86)
FNDA:0,(anonymous_87)
FNDA:0,(anonymous_88)
FNDA:0,(anonymous_89)
FNDA:0,(anonymous_90)
FNDA:0,(anonymous_91)
DA:13,0
DA:14,0
DA:15,0
DA:18,0
DA:19,0
DA:20,0
DA:23,0
DA:24,0
DA:25,0
DA:28,0
DA:31,0
DA:55,0
DA:67,0
DA:70,0
DA:73,0
DA:74,0
DA:78,0
DA:79,0
DA:80,0
DA:82,0
DA:83,0
DA:85,0
DA:87,0
DA:88,0
DA:89,0
DA:92,0
DA:94,0
DA:99,0
DA:100,0
DA:101,0
DA:111,0
DA:113,0
DA:114,0
DA:119,0
DA:120,0
DA:121,0
DA:126,0
DA:128,0
DA:129,0
DA:134,0
DA:135,0
DA:136,0
DA:140,0
DA:142,0
DA:143,0
DA:144,0
DA:145,0
DA:146,0
DA:151,0
DA:154,0
DA:155,0
DA:162,0
DA:163,0
DA:170,0
DA:171,0
DA:173,0
DA:174,0
DA:184,0
DA:185,0
DA:187,0
DA:189,0
DA:190,0
DA:191,0
DA:196,0
DA:197,0
DA:205,0
DA:206,0
DA:207,0
DA:208,0
DA:212,0
DA:213,0
DA:214,0
DA:215,0
DA:219,0
DA:220,0
DA:221,0
DA:222,0
DA:224,0
DA:225,0
DA:226,0
DA:230,0
DA:231,0
DA:236,0
DA:240,0
DA:241,0
DA:246,0
DA:250,0
DA:251,0
DA:255,0
DA:256,0
DA:260,0
DA:261,0
DA:262,0
DA:264,0
DA:266,0
DA:267,0
DA:272,0
DA:273,0
DA:281,0
DA:282,0
DA:283,0
DA:285,0
DA:320,0
DA:323,0
DA:326,0
DA:329,0
DA:332,0
DA:335,0
DA:338,0
DA:341,0
DA:344,0
DA:348,0
DA:353,0
DA:356,0
DA:357,0
DA:358,0
DA:359,0
DA:360,0
DA:361,0
DA:362,0
DA:363,0
DA:364,0
DA:367,0
DA:370,0
DA:373,0
DA:376,0
DA:379,0
DA:382,0
DA:386,0
DA:387,0
DA:388,0
DA:389,0
DA:390,0
DA:391,0
DA:392,0
DA:393,0
DA:394,0
DA:395,0
DA:396,0
DA:397,0
DA:398,0
DA:403,0
DA:405,0
DA:414,0
DA:424,0
DA:426,0
DA:437,0
DA:445,0
DA:458,0
DA:480,0
DA:497,0
DA:507,0
DA:517,0
DA:529,0
DA:533,0
DA:537,0
DA:539,0
DA:549,0
DA:553,0
DA:557,0
DA:564,0
DA:574,0
DA:578,0
DA:580,0
DA:595,0
DA:599,0
DA:610,0
DA:616,0
DA:618,0
DA:622,0
DA:630,0
DA:636,0
DA:643,0
DA:648,0
DA:651,0
DA:662,0
DA:665,0
DA:676,0
DA:679,0
DA:691,0
DA:694,0
DA:705,0
DA:708,0
DA:713,0
DA:729,0
DA:732,0
DA:737,0
DA:753,0
DA:756,0
DA:766,0
DA:769,0
DA:784,0
DA:790,0
DA:792,0
DA:796,0
DA:804,0
DA:810,0
DA:814,0
LF:198
LH:0
BRDA:82,0,0,0
BRDA:82,0,1,0
BRDA:87,1,0,0
BRDA:87,1,1,0
BRDA:87,2,0,0
BRDA:87,2,1,0
BRDA:88,3,0,0
BRDA:88,3,1,0
BRDA:89,4,0,0
BRDA:89,4,1,0
BRDA:142,5,0,0
BRDA:142,5,1,0
BRDA:144,6,0,0
BRDA:144,6,1,0
BRDA:151,7,0,0
BRDA:151,7,1,0
BRDA:236,8,0,0
BRDA:236,8,1,0
BRDA:246,9,0,0
BRDA:246,9,1,0
BRDA:251,10,0,0
BRDA:251,10,1,0
BRDA:256,11,0,0
BRDA:256,11,1,0
BRDA:262,12,0,0
BRDA:262,12,1,0
BRDA:358,13,0,0
BRDA:358,13,1,0
BRDA:358,13,2,0
BRDA:358,13,3,0
BRDA:360,14,0,0
BRDA:360,14,1,0
BRDA:360,15,0,0
BRDA:360,15,1,0
BRDA:360,16,0,0
BRDA:360,16,1,0
BRDA:360,16,2,0
BRDA:360,17,0,0
BRDA:360,17,1,0
BRDA:360,18,0,0
BRDA:360,18,1,0
BRDA:360,19,0,0
BRDA:360,19,1,0
BRDA:360,20,0,0
BRDA:360,20,1,0
BRDA:361,21,0,0
BRDA:361,21,1,0
BRDA:361,22,0,0
BRDA:361,22,1,0
BRDA:361,22,2,0
BRDA:362,23,0,0
BRDA:362,23,1,0
BRDA:363,24,0,0
BRDA:363,24,1,0
BRDA:363,24,2,0
BRDA:398,25,0,0
BRDA:398,25,1,0
BRDA:408,26,0,0
BRDA:408,26,1,0
BRDA:413,27,0,0
BRDA:413,27,1,0
BRDA:437,28,0,0
BRDA:437,28,1,0
BRDA:445,29,0,0
BRDA:445,29,1,0
BRDA:497,30,0,0
BRDA:497,30,1,0
BRDA:507,31,0,0
BRDA:507,31,1,0
BRDA:542,32,0,0
BRDA:542,32,1,0
BRDA:553,33,0,0
BRDA:553,33,1,0
BRDA:567,34,0,0
BRDA:567,34,1,0
BRDA:583,35,0,0
BRDA:583,35,1,0
BRDA:594,36,0,0
BRDA:594,36,1,0
BRDA:598,37,0,0
BRDA:598,37,1,0
BRDA:609,38,0,0
BRDA:609,38,1,0
BRDA:617,39,0,0
BRDA:617,39,1,0
BRDA:622,40,0,0
BRDA:622,40,1,0
BRDA:630,41,0,0
BRDA:630,41,1,0
BRDA:643,42,0,0
BRDA:643,42,1,0
BRDA:650,43,0,0
BRDA:650,43,1,0
BRDA:664,44,0,0
BRDA:664,44,1,0
BRDA:678,45,0,0
BRDA:678,45,1,0
BRDA:693,46,0,0
BRDA:693,46,1,0
BRDA:707,47,0,0
BRDA:707,47,1,0
BRDA:731,48,0,0
BRDA:731,48,1,0
BRDA:755,49,0,0
BRDA:755,49,1,0
BRDA:768,50,0,0
BRDA:768,50,1,0
BRDA:783,51,0,0
BRDA:783,51,1,0
BRDA:791,52,0,0
BRDA:791,52,1,0
BRDA:796,53,0,0
BRDA:796,53,1,0
BRDA:804,54,0,0
BRDA:804,54,1,0
BRF:115
BRH:0
end_of_record
TN:
SF:src\views\system-admin\UserManage.vue
FN:10,(anonymous_0)
FN:73,(anonymous_1)
FN:78,(anonymous_2)
FN:99,(anonymous_3)
FN:113,(anonymous_4)
FN:119,(anonymous_5)
FN:128,(anonymous_6)
FN:134,(anonymous_7)
FN:140,(anonymous_8)
FN:143,(anonymous_9)
FN:184,(anonymous_10)
FN:205,(anonymous_11)
FN:212,(anonymous_12)
FN:219,(anonymous_13)
FN:224,(anonymous_14)
FN:230,(anonymous_15)
FN:240,(anonymous_16)
FN:250,(anonymous_17)
FN:255,(anonymous_18)
FN:260,(anonymous_19)
FN:281,(anonymous_20)
FN:319,(anonymous_21)
FN:322,(anonymous_22)
FN:325,(anonymous_23)
FN:328,(anonymous_24)
FN:331,(anonymous_25)
FN:334,(anonymous_26)
FN:337,(anonymous_27)
FN:340,(anonymous_28)
FN:358,_toConsumableArray
FN:359,_nonIterableSpread
FN:360,_unsupportedIterableToArray
FN:361,_iterableToArray
FN:362,_arrayWithoutHoles
FN:363,_arrayLikeToArray
FN:385,render
FN:402,(anonymous_36)
FN:404,(anonymous_37)
FN:413,(anonymous_38)
FN:423,(anonymous_39)
FN:425,(anonymous_40)
FN:436,(anonymous_41)
FN:444,(anonymous_42)
FN:457,(anonymous_43)
FN:479,(anonymous_44)
FN:496,(anonymous_45)
FN:506,(anonymous_46)
FN:516,(anonymous_47)
FN:528,(anonymous_48)
FN:532,onClick
FN:536,(anonymous_50)
FN:538,(anonymous_51)
FN:548,onClick
FN:552,(anonymous_53)
FN:556,(anonymous_54)
FN:563,(anonymous_55)
FN:573,onClick
FN:577,(anonymous_57)
FN:579,(anonymous_58)
FN:594,(anonymous_59)
FN:598,(anonymous_60)
FN:609,(anonymous_61)
FN:615,(anonymous_62)
FN:617,(anonymous_63)
FN:621,(anonymous_64)
FN:629,(anonymous_65)
FN:635,(anonymous_66)
FN:642,(anonymous_67)
FN:647,(anonymous_68)
FN:650,(anonymous_69)
FN:661,(anonymous_70)
FN:664,(anonymous_71)
FN:675,(anonymous_72)
FN:678,(anonymous_73)
FN:690,(anonymous_74)
FN:693,(anonymous_75)
FN:704,(anonymous_76)
FN:707,(anonymous_77)
FN:712,(anonymous_78)
FN:731,(anonymous_79)
FN:734,(anonymous_80)
FN:739,(anonymous_81)
FN:755,(anonymous_82)
FN:758,(anonymous_83)
FN:768,(anonymous_84)
FN:771,(anonymous_85)
FN:786,(anonymous_86)
FN:792,(anonymous_87)
FN:794,(anonymous_88)
FN:798,(anonymous_89)
FN:806,(anonymous_90)
FN:812,(anonymous_91)
FNF:92
FNH:0
FNDA:0,(anonymous_0)
FNDA:0,(anonymous_1)
FNDA:0,(anonymous_2)
FNDA:0,(anonymous_3)
FNDA:0,(anonymous_4)
FNDA:0,(anonymous_5)
FNDA:0,(anonymous_6)
FNDA:0,(anonymous_7)
FNDA:0,(anonymous_8)
FNDA:0,(anonymous_9)
FNDA:0,(anonymous_10)
FNDA:0,(anonymous_11)
FNDA:0,(anonymous_12)
FNDA:0,(anonymous_13)
FNDA:0,(anonymous_14)
FNDA:0,(anonymous_15)
FNDA:0,(anonymous_16)
FNDA:0,(anonymous_17)
FNDA:0,(anonymous_18)
FNDA:0,(anonymous_19)
FNDA:0,(anonymous_20)
FNDA:0,(anonymous_21)
FNDA:0,(anonymous_22)
FNDA:0,(anonymous_23)
FNDA:0,(anonymous_24)
FNDA:0,(anonymous_25)
FNDA:0,(anonymous_26)
FNDA:0,(anonymous_27)
FNDA:0,(anonymous_28)
FNDA:0,_toConsumableArray
FNDA:0,_nonIterableSpread
FNDA:0,_unsupportedIterableToArray
FNDA:0,_iterableToArray
FNDA:0,_arrayWithoutHoles
FNDA:0,_arrayLikeToArray
FNDA:0,render
FNDA:0,(anonymous_36)
FNDA:0,(anonymous_37)
FNDA:0,(anonymous_38)
FNDA:0,(anonymous_39)
FNDA:0,(anonymous_40)
FNDA:0,(anonymous_41)
FNDA:0,(anonymous_42)
FNDA:0,(anonymous_43)
FNDA:0,(anonymous_44)
FNDA:0,(anonymous_45)
FNDA:0,(anonymous_46)
FNDA:0,(anonymous_47)
FNDA:0,(anonymous_48)
FNDA:0,onClick
FNDA:0,(anonymous_50)
FNDA:0,(anonymous_51)
FNDA:0,onClick
FNDA:0,(anonymous_53)
FNDA:0,(anonymous_54)
FNDA:0,(anonymous_55)
FNDA:0,onClick
FNDA:0,(anonymous_57)
FNDA:0,(anonymous_58)
FNDA:0,(anonymous_59)
FNDA:0,(anonymous_60)
FNDA:0,(anonymous_61)
FNDA:0,(anonymous_62)
FNDA:0,(anonymous_63)
FNDA:0,(anonymous_64)
FNDA:0,(anonymous_65)
FNDA:0,(anonymous_66)
FNDA:0,(anonymous_67)
FNDA:0,(anonymous_68)
FNDA:0,(anonymous_69)
FNDA:0,(anonymous_70)
FNDA:0,(anonymous_71)
FNDA:0,(anonymous_72)
FNDA:0,(anonymous_73)
FNDA:0,(anonymous_74)
FNDA:0,(anonymous_75)
FNDA:0,(anonymous_76)
FNDA:0,(anonymous_77)
FNDA:0,(anonymous_78)
FNDA:0,(anonymous_79)
FNDA:0,(anonymous_80)
FNDA:0,(anonymous_81)
FNDA:0,(anonymous_82)
FNDA:0,(anonymous_83)
FNDA:0,(anonymous_84)
FNDA:0,(anonymous_85)
FNDA:0,(anonymous_86)
FNDA:0,(anonymous_87)
FNDA:0,(anonymous_88)
FNDA:0,(anonymous_89)
FNDA:0,(anonymous_90)
FNDA:0,(anonymous_91)
DA:13,0
DA:14,0
DA:15,0
DA:18,0
DA:19,0
DA:20,0
DA:23,0
DA:24,0
DA:25,0
DA:28,0
DA:31,0
DA:55,0
DA:67,0
DA:70,0
DA:73,0
DA:74,0
DA:78,0
DA:79,0
DA:80,0
DA:82,0
DA:83,0
DA:85,0
DA:87,0
DA:88,0
DA:89,0
DA:92,0
DA:94,0
DA:99,0
DA:100,0
DA:101,0
DA:111,0
DA:113,0
DA:114,0
DA:119,0
DA:120,0
DA:121,0
DA:126,0
DA:128,0
DA:129,0
DA:134,0
DA:135,0
DA:136,0
DA:140,0
DA:142,0
DA:143,0
DA:144,0
DA:145,0
DA:146,0
DA:151,0
DA:154,0
DA:155,0
DA:162,0
DA:163,0
DA:170,0
DA:171,0
DA:173,0
DA:174,0
DA:184,0
DA:185,0
DA:187,0
DA:189,0
DA:190,0
DA:191,0
DA:196,0
DA:197,0
DA:205,0
DA:206,0
DA:207,0
DA:208,0
DA:212,0
DA:213,0
DA:214,0
DA:215,0
DA:219,0
DA:220,0
DA:221,0
DA:222,0
DA:224,0
DA:225,0
DA:226,0
DA:230,0
DA:231,0
DA:236,0
DA:240,0
DA:241,0
DA:246,0
DA:250,0
DA:251,0
DA:255,0
DA:256,0
DA:260,0
DA:261,0
DA:262,0
DA:264,0
DA:266,0
DA:267,0
DA:272,0
DA:273,0
DA:281,0
DA:282,0
DA:283,0
DA:285,0
DA:320,0
DA:323,0
DA:326,0
DA:329,0
DA:332,0
DA:335,0
DA:338,0
DA:341,0
DA:344,0
DA:348,0
DA:353,0
DA:356,0
DA:357,0
DA:358,0
DA:359,0
DA:360,0
DA:361,0
DA:362,0
DA:363,0
DA:364,0
DA:367,0
DA:370,0
DA:373,0
DA:376,0
DA:379,0
DA:382,0
DA:386,0
DA:387,0
DA:388,0
DA:389,0
DA:390,0
DA:391,0
DA:392,0
DA:393,0
DA:394,0
DA:395,0
DA:396,0
DA:397,0
DA:398,0
DA:403,0
DA:405,0
DA:414,0
DA:424,0
DA:426,0
DA:437,0
DA:445,0
DA:458,0
DA:480,0
DA:497,0
DA:507,0
DA:517,0
DA:529,0
DA:533,0
DA:537,0
DA:539,0
DA:549,0
DA:553,0
DA:557,0
DA:564,0
DA:574,0
DA:578,0
DA:580,0
DA:595,0
DA:599,0
DA:610,0
DA:616,0
DA:618,0
DA:622,0
DA:630,0
DA:636,0
DA:643,0
DA:648,0
DA:651,0
DA:662,0
DA:665,0
DA:676,0
DA:679,0
DA:691,0
DA:694,0
DA:705,0
DA:708,0
DA:713,0
DA:732,0
DA:735,0
DA:740,0
DA:756,0
DA:759,0
DA:769,0
DA:772,0
DA:787,0
DA:793,0
DA:795,0
DA:799,0
DA:807,0
DA:813,0
DA:817,0
LF:198
LH:0
BRDA:82,0,0,0
BRDA:82,0,1,0
BRDA:87,1,0,0
BRDA:87,1,1,0
BRDA:87,2,0,0
BRDA:87,2,1,0
BRDA:88,3,0,0
BRDA:88,3,1,0
BRDA:89,4,0,0
BRDA:89,4,1,0
BRDA:142,5,0,0
BRDA:142,5,1,0
BRDA:144,6,0,0
BRDA:144,6,1,0
BRDA:151,7,0,0
BRDA:151,7,1,0
BRDA:236,8,0,0
BRDA:236,8,1,0
BRDA:246,9,0,0
BRDA:246,9,1,0
BRDA:251,10,0,0
BRDA:251,10,1,0
BRDA:256,11,0,0
BRDA:256,11,1,0
BRDA:262,12,0,0
BRDA:262,12,1,0
BRDA:358,13,0,0
BRDA:358,13,1,0
BRDA:358,13,2,0
BRDA:358,13,3,0
BRDA:360,14,0,0
BRDA:360,14,1,0
BRDA:360,15,0,0
BRDA:360,15,1,0
BRDA:360,16,0,0
BRDA:360,16,1,0
BRDA:360,16,2,0
BRDA:360,17,0,0
BRDA:360,17,1,0
BRDA:360,18,0,0
BRDA:360,18,1,0
BRDA:360,19,0,0
BRDA:360,19,1,0
BRDA:360,20,0,0
BRDA:360,20,1,0
BRDA:361,21,0,0
BRDA:361,21,1,0
BRDA:361,22,0,0
BRDA:361,22,1,0
BRDA:361,22,2,0
BRDA:362,23,0,0
BRDA:362,23,1,0
BRDA:363,24,0,0
BRDA:363,24,1,0
BRDA:363,24,2,0
BRDA:398,25,0,0
BRDA:398,25,1,0
BRDA:408,26,0,0
BRDA:408,26,1,0
BRDA:413,27,0,0
BRDA:413,27,1,0
BRDA:437,28,0,0
BRDA:437,28,1,0
BRDA:445,29,0,0
BRDA:445,29,1,0
BRDA:497,30,0,0
BRDA:497,30,1,0
BRDA:507,31,0,0
BRDA:507,31,1,0
BRDA:542,32,0,0
BRDA:542,32,1,0
BRDA:553,33,0,0
BRDA:553,33,1,0
BRDA:567,34,0,0
BRDA:567,34,1,0
BRDA:583,35,0,0
BRDA:583,35,1,0
BRDA:594,36,0,0
BRDA:594,36,1,0
BRDA:598,37,0,0
BRDA:598,37,1,0
BRDA:609,38,0,0
BRDA:609,38,1,0
BRDA:617,39,0,0
BRDA:617,39,1,0
BRDA:622,40,0,0
BRDA:622,40,1,0
BRDA:630,41,0,0
BRDA:630,41,1,0
BRDA:643,42,0,0
BRDA:643,42,1,0
BRDA:650,43,0,0
BRDA:650,43,1,0
BRDA:664,44,0,0
BRDA:664,44,1,0
BRDA:678,45,0,0
BRDA:678,45,1,0
BRDA:693,46,0,0
BRDA:693,46,1,0
BRDA:707,47,0,0
BRDA:707,47,1,0
BRDA:734,48,0,0
BRDA:734,48,1,0
BRDA:758,49,0,0
BRDA:758,49,1,0
BRDA:771,50,0,0
BRDA:771,50,1,0
BRDA:786,51,0,0
BRDA:786,51,1,0
BRDA:794,52,0,0
BRDA:794,52,1,0
BRDA:799,53,0,0
BRDA:799,53,1,0
BRDA:807,54,0,0
BRDA:807,54,1,0
BRF:115
BRH:0
end_of_record
